running egg_info
creating ../build/robot_control/robot_control.egg-info
writing ../build/robot_control/robot_control.egg-info/PKG-INFO
writing dependency_links to ../build/robot_control/robot_control.egg-info/dependency_links.txt
writing entry points to ../build/robot_control/robot_control.egg-info/entry_points.txt
writing requirements to ../build/robot_control/robot_control.egg-info/requires.txt
writing top-level names to ../build/robot_control/robot_control.egg-info/top_level.txt
writing manifest file '../build/robot_control/robot_control.egg-info/SOURCES.txt'
reading manifest file '../build/robot_control/robot_control.egg-info/SOURCES.txt'
adding license file 'LICENSE'
writing manifest file '../build/robot_control/robot_control.egg-info/SOURCES.txt'
running build
running build_py
creating /home/rock6/ros2_lab4/src/build/robot_control/build
creating /home/rock6/ros2_lab4/src/build/robot_control/build/lib
creating /home/rock6/ros2_lab4/src/build/robot_control/build/lib/robot_control
copying robot_control/simulator.py -> /home/rock6/ros2_lab4/src/build/robot_control/build/lib/robot_control
copying robot_control/robot_action_client.py -> /home/rock6/ros2_lab4/src/build/robot_control/build/lib/robot_control
copying robot_control/realer.py -> /home/rock6/ros2_lab4/src/build/robot_control/build/lib/robot_control
copying robot_control/robot_action_client_arm.py -> /home/rock6/ros2_lab4/src/build/robot_control/build/lib/robot_control
copying robot_control/robofile.py -> /home/rock6/ros2_lab4/src/build/robot_control/build/lib/robot_control
copying robot_control/robot_action_server.py -> /home/rock6/ros2_lab4/src/build/robot_control/build/lib/robot_control
copying robot_control/__init__.py -> /home/rock6/ros2_lab4/src/build/robot_control/build/lib/robot_control
running install
running install_lib
creating /home/rock6/ros2_lab4/src/install/robot_control/lib/python3.10/site-packages/robot_control
copying /home/rock6/ros2_lab4/src/build/robot_control/build/lib/robot_control/simulator.py -> /home/rock6/ros2_lab4/src/install/robot_control/lib/python3.10/site-packages/robot_control
copying /home/rock6/ros2_lab4/src/build/robot_control/build/lib/robot_control/robot_action_client.py -> /home/rock6/ros2_lab4/src/install/robot_control/lib/python3.10/site-packages/robot_control
copying /home/rock6/ros2_lab4/src/build/robot_control/build/lib/robot_control/realer.py -> /home/rock6/ros2_lab4/src/install/robot_control/lib/python3.10/site-packages/robot_control
copying /home/rock6/ros2_lab4/src/build/robot_control/build/lib/robot_control/robot_action_client_arm.py -> /home/rock6/ros2_lab4/src/install/robot_control/lib/python3.10/site-packages/robot_control
copying /home/rock6/ros2_lab4/src/build/robot_control/build/lib/robot_control/robofile.py -> /home/rock6/ros2_lab4/src/install/robot_control/lib/python3.10/site-packages/robot_control
copying /home/rock6/ros2_lab4/src/build/robot_control/build/lib/robot_control/robot_action_server.py -> /home/rock6/ros2_lab4/src/install/robot_control/lib/python3.10/site-packages/robot_control
copying /home/rock6/ros2_lab4/src/build/robot_control/build/lib/robot_control/__init__.py -> /home/rock6/ros2_lab4/src/install/robot_control/lib/python3.10/site-packages/robot_control
byte-compiling /home/rock6/ros2_lab4/src/install/robot_control/lib/python3.10/site-packages/robot_control/simulator.py to simulator.cpython-310.pyc
byte-compiling /home/rock6/ros2_lab4/src/install/robot_control/lib/python3.10/site-packages/robot_control/robot_action_client.py to robot_action_client.cpython-310.pyc
byte-compiling /home/rock6/ros2_lab4/src/install/robot_control/lib/python3.10/site-packages/robot_control/realer.py to realer.cpython-310.pyc
byte-compiling /home/rock6/ros2_lab4/src/install/robot_control/lib/python3.10/site-packages/robot_control/robot_action_client_arm.py to robot_action_client_arm.cpython-310.pyc
byte-compiling /home/rock6/ros2_lab4/src/install/robot_control/lib/python3.10/site-packages/robot_control/robofile.py to robofile.cpython-310.pyc
byte-compiling /home/rock6/ros2_lab4/src/install/robot_control/lib/python3.10/site-packages/robot_control/robot_action_server.py to robot_action_server.cpython-310.pyc
byte-compiling /home/rock6/ros2_lab4/src/install/robot_control/lib/python3.10/site-packages/robot_control/__init__.py to __init__.cpython-310.pyc
running install_data
creating /home/rock6/ros2_lab4/src/install/robot_control/share/ament_index
creating /home/rock6/ros2_lab4/src/install/robot_control/share/ament_index/resource_index
creating /home/rock6/ros2_lab4/src/install/robot_control/share/ament_index/resource_index/packages
copying resource/robot_control -> /home/rock6/ros2_lab4/src/install/robot_control/share/ament_index/resource_index/packages
copying package.xml -> /home/rock6/ros2_lab4/src/install/robot_control/share/robot_control
creating /home/rock6/ros2_lab4/src/install/robot_control/share/robot_control/launch
copying launch/sim_control_launch.py -> /home/rock6/ros2_lab4/src/install/robot_control/share/robot_control/launch
copying launch/action_server_launch.py -> /home/rock6/ros2_lab4/src/install/robot_control/share/robot_control/launch
creating /home/rock6/ros2_lab4/src/install/robot_control/share/robot_control/urdf
copying urdf/su_robot.urdf.bak -> /home/rock6/ros2_lab4/src/install/robot_control/share/robot_control/urdf
copying urdf/su_robot.urdf -> /home/rock6/ros2_lab4/src/install/robot_control/share/robot_control/urdf
creating /home/rock6/ros2_lab4/src/install/robot_control/share/robot_control/params
copying params/control_params.yaml -> /home/rock6/ros2_lab4/src/install/robot_control/share/robot_control/params
running install_egg_info
Copying ../build/robot_control/robot_control.egg-info to /home/rock6/ros2_lab4/src/install/robot_control/lib/python3.10/site-packages/robot_control-0.0.0-py3.10.egg-info
running install_scripts
Installing robot_action_server script to /home/rock6/ros2_lab4/src/install/robot_control/lib/robot_control
writing list of installed files to '/home/rock6/ros2_lab4/src/build/robot_control/install.log'
