[7.573s] Invoking command in '/home/rock6/ros2_lab4/src/robot_control': PYTHONPATH=/home/rock6/ros2_lab4/src/build/robot_control/prefix_override:/usr/lib/python3/dist-packages/colcon_core/task/python/colcon_distutils_commands:/home/rock6/ros2_lab4/src/install/robot_control/lib/python3.10/site-packages:${PYTHONPATH} /usr/bin/python3 -W ignore:setup.py install is deprecated -W ignore:easy_install command is deprecated setup.py egg_info --egg-base ../build/robot_control build --build-base /home/rock6/ros2_lab4/src/build/robot_control/build install --record /home/rock6/ros2_lab4/src/build/robot_control/install.log --single-version-externally-managed install_data
[9.384s] running egg_info
[9.388s] creating ../build/robot_control/robot_control.egg-info
[9.389s] writing ../build/robot_control/robot_control.egg-info/PKG-INFO
[9.390s] writing dependency_links to ../build/robot_control/robot_control.egg-info/dependency_links.txt
[9.393s] writing entry points to ../build/robot_control/robot_control.egg-info/entry_points.txt
[9.393s] writing requirements to ../build/robot_control/robot_control.egg-info/requires.txt
[9.394s] writing top-level names to ../build/robot_control/robot_control.egg-info/top_level.txt
[9.395s] writing manifest file '../build/robot_control/robot_control.egg-info/SOURCES.txt'
[9.405s] reading manifest file '../build/robot_control/robot_control.egg-info/SOURCES.txt'
[9.407s] adding license file 'LICENSE'
[9.412s] writing manifest file '../build/robot_control/robot_control.egg-info/SOURCES.txt'
[9.415s] running build
[9.416s] running build_py
[9.419s] creating /home/rock6/ros2_lab4/src/build/robot_control/build
[9.421s] creating /home/rock6/ros2_lab4/src/build/robot_control/build/lib
[9.422s] creating /home/rock6/ros2_lab4/src/build/robot_control/build/lib/robot_control
[9.424s] copying robot_control/simulator.py -> /home/rock6/ros2_lab4/src/build/robot_control/build/lib/robot_control
[9.426s] copying robot_control/robot_action_client.py -> /home/rock6/ros2_lab4/src/build/robot_control/build/lib/robot_control
[9.428s] copying robot_control/realer.py -> /home/rock6/ros2_lab4/src/build/robot_control/build/lib/robot_control
[9.430s] copying robot_control/robot_action_client_arm.py -> /home/rock6/ros2_lab4/src/build/robot_control/build/lib/robot_control
[9.433s] copying robot_control/robofile.py -> /home/rock6/ros2_lab4/src/build/robot_control/build/lib/robot_control
[9.436s] copying robot_control/robot_action_server.py -> /home/rock6/ros2_lab4/src/build/robot_control/build/lib/robot_control
[9.438s] copying robot_control/__init__.py -> /home/rock6/ros2_lab4/src/build/robot_control/build/lib/robot_control
[9.441s] running install
[9.444s] running install_lib
[9.449s] creating /home/rock6/ros2_lab4/src/install/robot_control/lib/python3.10/site-packages/robot_control
[9.451s] copying /home/rock6/ros2_lab4/src/build/robot_control/build/lib/robot_control/simulator.py -> /home/rock6/ros2_lab4/src/install/robot_control/lib/python3.10/site-packages/robot_control
[9.453s] copying /home/rock6/ros2_lab4/src/build/robot_control/build/lib/robot_control/robot_action_client.py -> /home/rock6/ros2_lab4/src/install/robot_control/lib/python3.10/site-packages/robot_control
[9.455s] copying /home/rock6/ros2_lab4/src/build/robot_control/build/lib/robot_control/realer.py -> /home/rock6/ros2_lab4/src/install/robot_control/lib/python3.10/site-packages/robot_control
[9.458s] copying /home/rock6/ros2_lab4/src/build/robot_control/build/lib/robot_control/robot_action_client_arm.py -> /home/rock6/ros2_lab4/src/install/robot_control/lib/python3.10/site-packages/robot_control
[9.460s] copying /home/rock6/ros2_lab4/src/build/robot_control/build/lib/robot_control/robofile.py -> /home/rock6/ros2_lab4/src/install/robot_control/lib/python3.10/site-packages/robot_control
[9.462s] copying /home/rock6/ros2_lab4/src/build/robot_control/build/lib/robot_control/robot_action_server.py -> /home/rock6/ros2_lab4/src/install/robot_control/lib/python3.10/site-packages/robot_control
[9.464s] copying /home/rock6/ros2_lab4/src/build/robot_control/build/lib/robot_control/__init__.py -> /home/rock6/ros2_lab4/src/install/robot_control/lib/python3.10/site-packages/robot_control
[9.468s] byte-compiling /home/rock6/ros2_lab4/src/install/robot_control/lib/python3.10/site-packages/robot_control/simulator.py to simulator.cpython-310.pyc
[9.475s] byte-compiling /home/rock6/ros2_lab4/src/install/robot_control/lib/python3.10/site-packages/robot_control/robot_action_client.py to robot_action_client.cpython-310.pyc
[9.481s] byte-compiling /home/rock6/ros2_lab4/src/install/robot_control/lib/python3.10/site-packages/robot_control/realer.py to realer.cpython-310.pyc
[9.490s] byte-compiling /home/rock6/ros2_lab4/src/install/robot_control/lib/python3.10/site-packages/robot_control/robot_action_client_arm.py to robot_action_client_arm.cpython-310.pyc
[9.495s] byte-compiling /home/rock6/ros2_lab4/src/install/robot_control/lib/python3.10/site-packages/robot_control/robofile.py to robofile.cpython-310.pyc
[9.504s] byte-compiling /home/rock6/ros2_lab4/src/install/robot_control/lib/python3.10/site-packages/robot_control/robot_action_server.py to robot_action_server.cpython-310.pyc
[9.508s] byte-compiling /home/rock6/ros2_lab4/src/install/robot_control/lib/python3.10/site-packages/robot_control/__init__.py to __init__.cpython-310.pyc
[9.510s] running install_data
[9.512s] creating /home/rock6/ros2_lab4/src/install/robot_control/share/ament_index
[9.513s] creating /home/rock6/ros2_lab4/src/install/robot_control/share/ament_index/resource_index
[9.515s] creating /home/rock6/ros2_lab4/src/install/robot_control/share/ament_index/resource_index/packages
[9.517s] copying resource/robot_control -> /home/rock6/ros2_lab4/src/install/robot_control/share/ament_index/resource_index/packages
[9.518s] copying package.xml -> /home/rock6/ros2_lab4/src/install/robot_control/share/robot_control
[9.519s] creating /home/rock6/ros2_lab4/src/install/robot_control/share/robot_control/launch
[9.520s] copying launch/sim_control_launch.py -> /home/rock6/ros2_lab4/src/install/robot_control/share/robot_control/launch
[9.521s] copying launch/action_server_launch.py -> /home/rock6/ros2_lab4/src/install/robot_control/share/robot_control/launch
[9.522s] creating /home/rock6/ros2_lab4/src/install/robot_control/share/robot_control/urdf
[9.523s] copying urdf/su_robot.urdf.bak -> /home/rock6/ros2_lab4/src/install/robot_control/share/robot_control/urdf
[9.523s] copying urdf/su_robot.urdf -> /home/rock6/ros2_lab4/src/install/robot_control/share/robot_control/urdf
[9.524s] creating /home/rock6/ros2_lab4/src/install/robot_control/share/robot_control/params
[9.524s] copying params/control_params.yaml -> /home/rock6/ros2_lab4/src/install/robot_control/share/robot_control/params
[9.525s] running install_egg_info
[9.534s] Copying ../build/robot_control/robot_control.egg-info to /home/rock6/ros2_lab4/src/install/robot_control/lib/python3.10/site-packages/robot_control-0.0.0-py3.10.egg-info
[9.540s] running install_scripts
[9.666s] Installing robot_action_server script to /home/rock6/ros2_lab4/src/install/robot_control/lib/robot_control
[9.668s] writing list of installed files to '/home/rock6/ros2_lab4/src/build/robot_control/install.log'
[9.842s] Invoked command in '/home/rock6/ros2_lab4/src/robot_control' returned '0': PYTHONPATH=/home/rock6/ros2_lab4/src/build/robot_control/prefix_override:/usr/lib/python3/dist-packages/colcon_core/task/python/colcon_distutils_commands:/home/rock6/ros2_lab4/src/install/robot_control/lib/python3.10/site-packages:${PYTHONPATH} /usr/bin/python3 -W ignore:setup.py install is deprecated -W ignore:easy_install command is deprecated setup.py egg_info --egg-base ../build/robot_control build --build-base /home/rock6/ros2_lab4/src/build/robot_control/build install --record /home/rock6/ros2_lab4/src/build/robot_control/install.log --single-version-externally-managed install_data
