[0.581s] DEBUG:colcon:Command line arguments: ['/usr/bin/colcon', 'build']
[0.581s] DEBUG:colcon:Parsed command line arguments: Namespace(log_base=None, log_level=None, verb_name='build', build_base='build', install_base='install', merge_install=False, symlink_install=False, test_result_base=None, continue_on_error=False, executor='parallel', parallel_workers=4, event_handlers=None, ignore_user_meta=False, metas=['./colcon.meta'], base_paths=['.'], packages_ignore=None, packages_ignore_regex=None, paths=None, packages_up_to=None, packages_up_to_regex=None, packages_above=None, packages_above_and_dependencies=None, packages_above_depth=None, packages_select_by_dep=None, packages_skip_by_dep=None, packages_skip_up_to=None, packages_select_build_failed=False, packages_skip_build_finished=False, packages_select_test_failures=False, packages_skip_test_passed=False, packages_select=None, packages_skip=None, packages_select_regex=None, packages_skip_regex=None, packages_start=None, packages_end=None, allow_overriding=[], cmake_args=None, cmake_target=None, cmake_target_skip_unavailable=False, cmake_clean_cache=False, cmake_clean_first=False, cmake_force_configure=False, ament_cmake_args=None, catkin_cmake_args=None, catkin_skip_building_tests=False, verb_parser=<colcon_defaults.argument_parser.defaults.DefaultArgumentsDecorator object at 0x7f7f27a610c0>, verb_extension=<colcon_core.verb.build.BuildVerb object at 0x7f7f27a60b50>, main=<bound method BuildVerb.main of <colcon_core.verb.build.BuildVerb object at 0x7f7f27a60b50>>)
[1.585s] Level 1:colcon.colcon_core.package_discovery:discover_packages(colcon_meta) check parameters
[1.586s] Level 1:colcon.colcon_core.package_discovery:discover_packages(recursive) check parameters
[1.586s] Level 1:colcon.colcon_core.package_discovery:discover_packages(ignore) check parameters
[1.586s] Level 1:colcon.colcon_core.package_discovery:discover_packages(path) check parameters
[1.586s] Level 1:colcon.colcon_core.package_discovery:discover_packages(colcon_meta) discover
[1.587s] Level 1:colcon.colcon_core.package_discovery:discover_packages(recursive) discover
[1.587s] INFO:colcon.colcon_core.package_discovery:Crawling recursively for packages in '/home/rock6/ros2_lab4/src'
[1.588s] Level 1:colcon.colcon_core.package_identification:_identify(.) by extensions ['ignore', 'ignore_ament_install']
[1.588s] Level 1:colcon.colcon_core.package_identification:_identify(.) by extension 'ignore'
[1.588s] Level 1:colcon.colcon_core.package_identification:_identify(.) by extension 'ignore_ament_install'
[1.589s] Level 1:colcon.colcon_core.package_identification:_identify(.) by extensions ['colcon_pkg']
[1.589s] Level 1:colcon.colcon_core.package_identification:_identify(.) by extension 'colcon_pkg'
[1.589s] Level 1:colcon.colcon_core.package_identification:_identify(.) by extensions ['colcon_meta']
[1.589s] Level 1:colcon.colcon_core.package_identification:_identify(.) by extension 'colcon_meta'
[1.589s] Level 1:colcon.colcon_core.package_identification:_identify(.) by extensions ['ros']
[1.590s] Level 1:colcon.colcon_core.package_identification:_identify(.) by extension 'ros'
[1.648s] Level 1:colcon.colcon_core.package_identification:_identify(.) by extensions ['cmake', 'python']
[1.649s] Level 1:colcon.colcon_core.package_identification:_identify(.) by extension 'cmake'
[1.649s] Level 1:colcon.colcon_core.package_identification:_identify(.) by extension 'python'
[1.649s] Level 1:colcon.colcon_core.package_identification:_identify(.) by extensions ['python_setup_py']
[1.649s] Level 1:colcon.colcon_core.package_identification:_identify(.) by extension 'python_setup_py'
[1.650s] Level 1:colcon.colcon_core.package_identification:_identify(action_interface) by extensions ['ignore', 'ignore_ament_install']
[1.650s] Level 1:colcon.colcon_core.package_identification:_identify(action_interface) by extension 'ignore'
[1.651s] Level 1:colcon.colcon_core.package_identification:_identify(action_interface) by extension 'ignore_ament_install'
[1.651s] Level 1:colcon.colcon_core.package_identification:_identify(action_interface) by extensions ['colcon_pkg']
[1.651s] Level 1:colcon.colcon_core.package_identification:_identify(action_interface) by extension 'colcon_pkg'
[1.651s] Level 1:colcon.colcon_core.package_identification:_identify(action_interface) by extensions ['colcon_meta']
[1.651s] Level 1:colcon.colcon_core.package_identification:_identify(action_interface) by extension 'colcon_meta'
[1.652s] Level 1:colcon.colcon_core.package_identification:_identify(action_interface) by extensions ['ros']
[1.652s] Level 1:colcon.colcon_core.package_identification:_identify(action_interface) by extension 'ros'
[1.663s] DEBUG:colcon.colcon_core.package_identification:Package 'action_interface' with type 'ros.ament_cmake' and name 'action_interface'
[1.664s] Level 1:colcon.colcon_core.package_identification:_identify(build) by extensions ['ignore', 'ignore_ament_install']
[1.664s] Level 1:colcon.colcon_core.package_identification:_identify(build) by extension 'ignore'
[1.664s] Level 1:colcon.colcon_core.package_identification:_identify(build) ignored
[1.665s] Level 1:colcon.colcon_core.package_identification:_identify(install) by extensions ['ignore', 'ignore_ament_install']
[1.665s] Level 1:colcon.colcon_core.package_identification:_identify(install) by extension 'ignore'
[1.665s] Level 1:colcon.colcon_core.package_identification:_identify(install) ignored
[1.666s] Level 1:colcon.colcon_core.package_identification:_identify(log) by extensions ['ignore', 'ignore_ament_install']
[1.666s] Level 1:colcon.colcon_core.package_identification:_identify(log) by extension 'ignore'
[1.667s] Level 1:colcon.colcon_core.package_identification:_identify(log) ignored
[1.667s] Level 1:colcon.colcon_core.package_identification:_identify(navigation) by extensions ['ignore', 'ignore_ament_install']
[1.667s] Level 1:colcon.colcon_core.package_identification:_identify(navigation) by extension 'ignore'
[1.668s] Level 1:colcon.colcon_core.package_identification:_identify(navigation) by extension 'ignore_ament_install'
[1.668s] Level 1:colcon.colcon_core.package_identification:_identify(navigation) by extensions ['colcon_pkg']
[1.668s] Level 1:colcon.colcon_core.package_identification:_identify(navigation) by extension 'colcon_pkg'
[1.668s] Level 1:colcon.colcon_core.package_identification:_identify(navigation) by extensions ['colcon_meta']
[1.669s] Level 1:colcon.colcon_core.package_identification:_identify(navigation) by extension 'colcon_meta'
[1.669s] Level 1:colcon.colcon_core.package_identification:_identify(navigation) by extensions ['ros']
[1.669s] Level 1:colcon.colcon_core.package_identification:_identify(navigation) by extension 'ros'
[1.672s] DEBUG:colcon.colcon_core.package_identification:Package 'navigation' with type 'ros.ament_python' and name 'navigation'
[1.672s] Level 1:colcon.colcon_core.package_identification:_identify(robot_camera) by extensions ['ignore', 'ignore_ament_install']
[1.673s] Level 1:colcon.colcon_core.package_identification:_identify(robot_camera) by extension 'ignore'
[1.673s] Level 1:colcon.colcon_core.package_identification:_identify(robot_camera) by extension 'ignore_ament_install'
[1.673s] Level 1:colcon.colcon_core.package_identification:_identify(robot_camera) by extensions ['colcon_pkg']
[1.674s] Level 1:colcon.colcon_core.package_identification:_identify(robot_camera) by extension 'colcon_pkg'
[1.674s] Level 1:colcon.colcon_core.package_identification:_identify(robot_camera) by extensions ['colcon_meta']
[1.674s] Level 1:colcon.colcon_core.package_identification:_identify(robot_camera) by extension 'colcon_meta'
[1.674s] Level 1:colcon.colcon_core.package_identification:_identify(robot_camera) by extensions ['ros']
[1.674s] Level 1:colcon.colcon_core.package_identification:_identify(robot_camera) by extension 'ros'
[1.678s] DEBUG:colcon.colcon_core.package_identification:Package 'robot_camera' with type 'ros.ament_python' and name 'robot_camera'
[1.678s] Level 1:colcon.colcon_core.package_identification:_identify(robot_control) by extensions ['ignore', 'ignore_ament_install']
[1.679s] Level 1:colcon.colcon_core.package_identification:_identify(robot_control) by extension 'ignore'
[1.679s] Level 1:colcon.colcon_core.package_identification:_identify(robot_control) by extension 'ignore_ament_install'
[1.679s] Level 1:colcon.colcon_core.package_identification:_identify(robot_control) by extensions ['colcon_pkg']
[1.680s] Level 1:colcon.colcon_core.package_identification:_identify(robot_control) by extension 'colcon_pkg'
[1.680s] Level 1:colcon.colcon_core.package_identification:_identify(robot_control) by extensions ['colcon_meta']
[1.680s] Level 1:colcon.colcon_core.package_identification:_identify(robot_control) by extension 'colcon_meta'
[1.680s] Level 1:colcon.colcon_core.package_identification:_identify(robot_control) by extensions ['ros']
[1.680s] Level 1:colcon.colcon_core.package_identification:_identify(robot_control) by extension 'ros'
[1.683s] DEBUG:colcon.colcon_core.package_identification:Package 'robot_control' with type 'ros.ament_python' and name 'robot_control'
[1.683s] Level 1:colcon.colcon_core.package_discovery:discover_packages(recursive) using defaults
[1.683s] Level 1:colcon.colcon_core.package_discovery:discover_packages(ignore) discover
[1.684s] Level 1:colcon.colcon_core.package_discovery:discover_packages(ignore) using defaults
[1.684s] Level 1:colcon.colcon_core.package_discovery:discover_packages(path) discover
[1.684s] Level 1:colcon.colcon_core.package_discovery:discover_packages(path) using defaults
[1.831s] Level 1:colcon.colcon_core.package_discovery:discover_packages(prefix_path) check parameters
[1.832s] Level 1:colcon.colcon_core.package_discovery:discover_packages(prefix_path) discover
[1.842s] DEBUG:colcon.colcon_installed_package_information.package_discovery:Found 4 installed packages in /home/rock6/ros2_lab4/install
[1.855s] DEBUG:colcon.colcon_installed_package_information.package_discovery:Found 404 installed packages in /opt/ros/iron
[1.870s] Level 1:colcon.colcon_core.package_discovery:discover_packages(prefix_path) using defaults
[2.228s] Level 5:colcon.colcon_core.verb:set package 'action_interface' build argument 'cmake_args' from command line to 'None'
[2.228s] Level 5:colcon.colcon_core.verb:set package 'action_interface' build argument 'cmake_target' from command line to 'None'
[2.228s] Level 5:colcon.colcon_core.verb:set package 'action_interface' build argument 'cmake_target_skip_unavailable' from command line to 'False'
[2.228s] Level 5:colcon.colcon_core.verb:set package 'action_interface' build argument 'cmake_clean_cache' from command line to 'False'
[2.229s] Level 5:colcon.colcon_core.verb:set package 'action_interface' build argument 'cmake_clean_first' from command line to 'False'
[2.229s] Level 5:colcon.colcon_core.verb:set package 'action_interface' build argument 'cmake_force_configure' from command line to 'False'
[2.229s] Level 5:colcon.colcon_core.verb:set package 'action_interface' build argument 'ament_cmake_args' from command line to 'None'
[2.229s] Level 5:colcon.colcon_core.verb:set package 'action_interface' build argument 'catkin_cmake_args' from command line to 'None'
[2.229s] Level 5:colcon.colcon_core.verb:set package 'action_interface' build argument 'catkin_skip_building_tests' from command line to 'False'
[2.229s] DEBUG:colcon.colcon_core.verb:Building package 'action_interface' with the following arguments: {'ament_cmake_args': None, 'build_base': '/home/rock6/ros2_lab4/src/build/action_interface', 'catkin_cmake_args': None, 'catkin_skip_building_tests': False, 'cmake_args': None, 'cmake_clean_cache': False, 'cmake_clean_first': False, 'cmake_force_configure': False, 'cmake_target': None, 'cmake_target_skip_unavailable': False, 'install_base': '/home/rock6/ros2_lab4/src/install/action_interface', 'merge_install': False, 'path': '/home/rock6/ros2_lab4/src/action_interface', 'symlink_install': False, 'test_result_base': None}
[2.232s] Level 5:colcon.colcon_core.verb:set package 'navigation' build argument 'cmake_args' from command line to 'None'
[2.232s] Level 5:colcon.colcon_core.verb:set package 'navigation' build argument 'cmake_target' from command line to 'None'
[2.232s] Level 5:colcon.colcon_core.verb:set package 'navigation' build argument 'cmake_target_skip_unavailable' from command line to 'False'
[2.233s] Level 5:colcon.colcon_core.verb:set package 'navigation' build argument 'cmake_clean_cache' from command line to 'False'
[2.233s] Level 5:colcon.colcon_core.verb:set package 'navigation' build argument 'cmake_clean_first' from command line to 'False'
[2.233s] Level 5:colcon.colcon_core.verb:set package 'navigation' build argument 'cmake_force_configure' from command line to 'False'
[2.233s] Level 5:colcon.colcon_core.verb:set package 'navigation' build argument 'ament_cmake_args' from command line to 'None'
[2.233s] Level 5:colcon.colcon_core.verb:set package 'navigation' build argument 'catkin_cmake_args' from command line to 'None'
[2.233s] Level 5:colcon.colcon_core.verb:set package 'navigation' build argument 'catkin_skip_building_tests' from command line to 'False'
[2.233s] DEBUG:colcon.colcon_core.verb:Building package 'navigation' with the following arguments: {'ament_cmake_args': None, 'build_base': '/home/rock6/ros2_lab4/src/build/navigation', 'catkin_cmake_args': None, 'catkin_skip_building_tests': False, 'cmake_args': None, 'cmake_clean_cache': False, 'cmake_clean_first': False, 'cmake_force_configure': False, 'cmake_target': None, 'cmake_target_skip_unavailable': False, 'install_base': '/home/rock6/ros2_lab4/src/install/navigation', 'merge_install': False, 'path': '/home/rock6/ros2_lab4/src/navigation', 'symlink_install': False, 'test_result_base': None}
[2.236s] Level 5:colcon.colcon_core.verb:set package 'robot_camera' build argument 'cmake_args' from command line to 'None'
[2.236s] Level 5:colcon.colcon_core.verb:set package 'robot_camera' build argument 'cmake_target' from command line to 'None'
[2.236s] Level 5:colcon.colcon_core.verb:set package 'robot_camera' build argument 'cmake_target_skip_unavailable' from command line to 'False'
[2.236s] Level 5:colcon.colcon_core.verb:set package 'robot_camera' build argument 'cmake_clean_cache' from command line to 'False'
[2.236s] Level 5:colcon.colcon_core.verb:set package 'robot_camera' build argument 'cmake_clean_first' from command line to 'False'
[2.236s] Level 5:colcon.colcon_core.verb:set package 'robot_camera' build argument 'cmake_force_configure' from command line to 'False'
[2.237s] Level 5:colcon.colcon_core.verb:set package 'robot_camera' build argument 'ament_cmake_args' from command line to 'None'
[2.237s] Level 5:colcon.colcon_core.verb:set package 'robot_camera' build argument 'catkin_cmake_args' from command line to 'None'
[2.237s] Level 5:colcon.colcon_core.verb:set package 'robot_camera' build argument 'catkin_skip_building_tests' from command line to 'False'
[2.237s] DEBUG:colcon.colcon_core.verb:Building package 'robot_camera' with the following arguments: {'ament_cmake_args': None, 'build_base': '/home/rock6/ros2_lab4/src/build/robot_camera', 'catkin_cmake_args': None, 'catkin_skip_building_tests': False, 'cmake_args': None, 'cmake_clean_cache': False, 'cmake_clean_first': False, 'cmake_force_configure': False, 'cmake_target': None, 'cmake_target_skip_unavailable': False, 'install_base': '/home/rock6/ros2_lab4/src/install/robot_camera', 'merge_install': False, 'path': '/home/rock6/ros2_lab4/src/robot_camera', 'symlink_install': False, 'test_result_base': None}
[2.239s] Level 5:colcon.colcon_core.verb:set package 'robot_control' build argument 'cmake_args' from command line to 'None'
[2.239s] Level 5:colcon.colcon_core.verb:set package 'robot_control' build argument 'cmake_target' from command line to 'None'
[2.240s] Level 5:colcon.colcon_core.verb:set package 'robot_control' build argument 'cmake_target_skip_unavailable' from command line to 'False'
[2.240s] Level 5:colcon.colcon_core.verb:set package 'robot_control' build argument 'cmake_clean_cache' from command line to 'False'
[2.240s] Level 5:colcon.colcon_core.verb:set package 'robot_control' build argument 'cmake_clean_first' from command line to 'False'
[2.240s] Level 5:colcon.colcon_core.verb:set package 'robot_control' build argument 'cmake_force_configure' from command line to 'False'
[2.240s] Level 5:colcon.colcon_core.verb:set package 'robot_control' build argument 'ament_cmake_args' from command line to 'None'
[2.240s] Level 5:colcon.colcon_core.verb:set package 'robot_control' build argument 'catkin_cmake_args' from command line to 'None'
[2.240s] Level 5:colcon.colcon_core.verb:set package 'robot_control' build argument 'catkin_skip_building_tests' from command line to 'False'
[2.241s] DEBUG:colcon.colcon_core.verb:Building package 'robot_control' with the following arguments: {'ament_cmake_args': None, 'build_base': '/home/rock6/ros2_lab4/src/build/robot_control', 'catkin_cmake_args': None, 'catkin_skip_building_tests': False, 'cmake_args': None, 'cmake_clean_cache': False, 'cmake_clean_first': False, 'cmake_force_configure': False, 'cmake_target': None, 'cmake_target_skip_unavailable': False, 'install_base': '/home/rock6/ros2_lab4/src/install/robot_control', 'merge_install': False, 'path': '/home/rock6/ros2_lab4/src/robot_control', 'symlink_install': False, 'test_result_base': None}
[2.241s] INFO:colcon.colcon_core.executor:Executing jobs using 'parallel' executor
[2.246s] DEBUG:colcon.colcon_parallel_executor.executor.parallel:run_until_complete
[2.247s] INFO:colcon.colcon_ros.task.ament_cmake.build:Building ROS package in '/home/rock6/ros2_lab4/src/action_interface' with build type 'ament_cmake'
[2.248s] INFO:colcon.colcon_cmake.task.cmake.build:Building CMake package in '/home/rock6/ros2_lab4/src/action_interface'
[2.261s] INFO:colcon.colcon_core.plugin_system:Skipping extension 'colcon_core.shell.bat': Not used on non-Windows systems
[2.262s] INFO:colcon.colcon_core.shell:Skip shell extension 'powershell' for command environment: Not usable outside of PowerShell
[2.262s] DEBUG:colcon.colcon_core.shell:Skip shell extension 'dsv' for command environment
[2.288s] INFO:colcon.colcon_ros.task.ament_python.build:Building ROS package in '/home/rock6/ros2_lab4/src/navigation' with build type 'ament_python'
[2.288s] Level 1:colcon.colcon_core.shell:create_environment_hook('navigation', 'ament_prefix_path')
[2.290s] INFO:colcon.colcon_core.shell:Creating environment hook '/home/rock6/ros2_lab4/src/install/navigation/share/navigation/hook/ament_prefix_path.ps1'
[2.294s] INFO:colcon.colcon_core.shell:Creating environment descriptor '/home/rock6/ros2_lab4/src/install/navigation/share/navigation/hook/ament_prefix_path.dsv'
[2.298s] INFO:colcon.colcon_core.shell:Creating environment hook '/home/rock6/ros2_lab4/src/install/navigation/share/navigation/hook/ament_prefix_path.sh'
[2.302s] INFO:colcon.colcon_core.shell:Skip shell extension 'powershell' for command environment: Not usable outside of PowerShell
[2.302s] DEBUG:colcon.colcon_core.shell:Skip shell extension 'dsv' for command environment
[2.324s] INFO:colcon.colcon_ros.task.ament_python.build:Building ROS package in '/home/rock6/ros2_lab4/src/robot_camera' with build type 'ament_python'
[2.326s] Level 1:colcon.colcon_core.shell:create_environment_hook('robot_camera', 'ament_prefix_path')
[2.327s] INFO:colcon.colcon_core.shell:Creating environment hook '/home/rock6/ros2_lab4/src/install/robot_camera/share/robot_camera/hook/ament_prefix_path.ps1'
[2.331s] INFO:colcon.colcon_core.shell:Creating environment descriptor '/home/rock6/ros2_lab4/src/install/robot_camera/share/robot_camera/hook/ament_prefix_path.dsv'
[2.333s] INFO:colcon.colcon_core.shell:Creating environment hook '/home/rock6/ros2_lab4/src/install/robot_camera/share/robot_camera/hook/ament_prefix_path.sh'
[2.336s] INFO:colcon.colcon_core.shell:Skip shell extension 'powershell' for command environment: Not usable outside of PowerShell
[2.337s] DEBUG:colcon.colcon_core.shell:Skip shell extension 'dsv' for command environment
[2.359s] INFO:colcon.colcon_ros.task.ament_python.build:Building ROS package in '/home/rock6/ros2_lab4/src/robot_control' with build type 'ament_python'
[2.361s] Level 1:colcon.colcon_core.shell:create_environment_hook('robot_control', 'ament_prefix_path')
[2.363s] INFO:colcon.colcon_core.shell:Creating environment hook '/home/rock6/ros2_lab4/src/install/robot_control/share/robot_control/hook/ament_prefix_path.ps1'
[2.365s] INFO:colcon.colcon_core.shell:Creating environment descriptor '/home/rock6/ros2_lab4/src/install/robot_control/share/robot_control/hook/ament_prefix_path.dsv'
[2.368s] INFO:colcon.colcon_core.shell:Creating environment hook '/home/rock6/ros2_lab4/src/install/robot_control/share/robot_control/hook/ament_prefix_path.sh'
[2.371s] INFO:colcon.colcon_core.shell:Skip shell extension 'powershell' for command environment: Not usable outside of PowerShell
[2.372s] DEBUG:colcon.colcon_core.shell:Skip shell extension 'dsv' for command environment
[2.410s] DEBUG:colcon.colcon_core.event_handler.log_command:Invoking command in '/home/rock6/ros2_lab4/src/build/action_interface': CMAKE_PREFIX_PATH=${CMAKE_PREFIX_PATH}:/home/rock6/ros2_lab4/install/robot_control:/home/rock6/ros2_lab4/install/robot_camera:/home/rock6/ros2_lab4/install/navigation:/opt/ros/iron /usr/bin/cmake /home/rock6/ros2_lab4/src/action_interface -DCMAKE_INSTALL_PREFIX=/home/rock6/ros2_lab4/src/install/action_interface
[4.056s] INFO:colcon.colcon_core.task.python.build:Building Python package in '/home/rock6/ros2_lab4/src/navigation'
[4.058s] INFO:colcon.colcon_core.shell:Skip shell extension 'powershell' for command environment: Not usable outside of PowerShell
[4.058s] DEBUG:colcon.colcon_core.shell:Skip shell extension 'dsv' for command environment
[5.650s] INFO:colcon.colcon_core.task.python.build:Building Python package in '/home/rock6/ros2_lab4/src/robot_camera'
[5.652s] INFO:colcon.colcon_core.shell:Skip shell extension 'powershell' for command environment: Not usable outside of PowerShell
[5.653s] DEBUG:colcon.colcon_core.shell:Skip shell extension 'dsv' for command environment
[7.251s] INFO:colcon.colcon_core.task.python.build:Building Python package in '/home/rock6/ros2_lab4/src/robot_control'
[7.252s] INFO:colcon.colcon_core.shell:Skip shell extension 'powershell' for command environment: Not usable outside of PowerShell
[7.283s] DEBUG:colcon.colcon_core.shell:Skip shell extension 'dsv' for command environment
[9.934s] DEBUG:colcon.colcon_core.event_handler.log_command:Invoking command in '/home/rock6/ros2_lab4/src/robot_control': PYTHONPATH=/home/rock6/ros2_lab4/src/build/robot_control/prefix_override:/usr/lib/python3/dist-packages/colcon_core/task/python/colcon_distutils_commands:/home/rock6/ros2_lab4/src/install/robot_control/lib/python3.10/site-packages:${PYTHONPATH} /usr/bin/python3 -W ignore:setup.py install is deprecated -W ignore:easy_install command is deprecated setup.py egg_info --egg-base ../build/robot_control build --build-base /home/rock6/ros2_lab4/src/build/robot_control/build install --record /home/rock6/ros2_lab4/src/build/robot_control/install.log --single-version-externally-managed install_data
[9.947s] DEBUG:colcon.colcon_core.event_handler.log_command:Invoking command in '/home/rock6/ros2_lab4/src/navigation': PYTHONPATH=/home/rock6/ros2_lab4/src/build/navigation/prefix_override:/usr/lib/python3/dist-packages/colcon_core/task/python/colcon_distutils_commands:/home/rock6/ros2_lab4/src/install/navigation/lib/python3.10/site-packages:${PYTHONPATH} /usr/bin/python3 -W ignore:setup.py install is deprecated -W ignore:easy_install command is deprecated setup.py egg_info --egg-base ../build/navigation build --build-base /home/rock6/ros2_lab4/src/build/navigation/build install --record /home/rock6/ros2_lab4/src/build/navigation/install.log --single-version-externally-managed install_data
[10.190s] DEBUG:colcon.colcon_core.event_handler.log_command:Invoking command in '/home/rock6/ros2_lab4/src/robot_camera': PYTHONPATH=/home/rock6/ros2_lab4/src/build/robot_camera/prefix_override:/usr/lib/python3/dist-packages/colcon_core/task/python/colcon_distutils_commands:/home/rock6/ros2_lab4/src/install/robot_camera/lib/python3.10/site-packages:${PYTHONPATH} /usr/bin/python3 -W ignore:setup.py install is deprecated -W ignore:easy_install command is deprecated setup.py egg_info --egg-base ../build/robot_camera build --build-base /home/rock6/ros2_lab4/src/build/robot_camera/build install --record /home/rock6/ros2_lab4/src/build/robot_camera/install.log --single-version-externally-managed install_data
[12.202s] DEBUG:colcon.colcon_core.event_handler.log_command:Invoked command in '/home/rock6/ros2_lab4/src/robot_control' returned '0': PYTHONPATH=/home/rock6/ros2_lab4/src/build/robot_control/prefix_override:/usr/lib/python3/dist-packages/colcon_core/task/python/colcon_distutils_commands:/home/rock6/ros2_lab4/src/install/robot_control/lib/python3.10/site-packages:${PYTHONPATH} /usr/bin/python3 -W ignore:setup.py install is deprecated -W ignore:easy_install command is deprecated setup.py egg_info --egg-base ../build/robot_control build --build-base /home/rock6/ros2_lab4/src/build/robot_control/build install --record /home/rock6/ros2_lab4/src/build/robot_control/install.log --single-version-externally-managed install_data
[12.235s] Level 1:colcon.colcon_core.environment:checking '/home/rock6/ros2_lab4/src/install/robot_control' for CMake module files
[12.238s] Level 1:colcon.colcon_core.environment:checking '/home/rock6/ros2_lab4/src/install/robot_control' for CMake config files
[12.242s] Level 1:colcon.colcon_core.environment:checking '/home/rock6/ros2_lab4/src/install/robot_control/lib'
[12.243s] Level 1:colcon.colcon_core.environment:checking '/home/rock6/ros2_lab4/src/install/robot_control/bin'
[12.244s] Level 1:colcon.colcon_core.environment:checking '/home/rock6/ros2_lab4/src/install/robot_control/lib/pkgconfig/robot_control.pc'
[12.245s] Level 1:colcon.colcon_core.environment:checking '/home/rock6/ros2_lab4/src/install/robot_control/lib/python3.10/site-packages'
[12.246s] Level 1:colcon.colcon_core.shell:create_environment_hook('robot_control', 'pythonpath')
[12.247s] INFO:colcon.colcon_core.shell:Creating environment hook '/home/rock6/ros2_lab4/src/install/robot_control/share/robot_control/hook/pythonpath.ps1'
[12.250s] INFO:colcon.colcon_core.shell:Creating environment descriptor '/home/rock6/ros2_lab4/src/install/robot_control/share/robot_control/hook/pythonpath.dsv'
[12.252s] INFO:colcon.colcon_core.shell:Creating environment hook '/home/rock6/ros2_lab4/src/install/robot_control/share/robot_control/hook/pythonpath.sh'
[12.286s] Level 1:colcon.colcon_core.environment:checking '/home/rock6/ros2_lab4/src/install/robot_control/bin'
[12.287s] Level 1:colcon.colcon_core.environment:create_environment_scripts_only(robot_control)
[12.289s] INFO:colcon.colcon_core.shell:Creating package script '/home/rock6/ros2_lab4/src/install/robot_control/share/robot_control/package.ps1'
[12.295s] INFO:colcon.colcon_core.shell:Creating package descriptor '/home/rock6/ros2_lab4/src/install/robot_control/share/robot_control/package.dsv'
[12.299s] INFO:colcon.colcon_core.shell:Creating package script '/home/rock6/ros2_lab4/src/install/robot_control/share/robot_control/package.sh'
[12.304s] INFO:colcon.colcon_core.shell:Creating package script '/home/rock6/ros2_lab4/src/install/robot_control/share/robot_control/package.bash'
[12.309s] INFO:colcon.colcon_core.shell:Creating package script '/home/rock6/ros2_lab4/src/install/robot_control/share/robot_control/package.zsh'
[12.317s] Level 1:colcon.colcon_core.environment:create_file_with_runtime_dependencies(/home/rock6/ros2_lab4/src/install/robot_control/share/colcon-core/packages/robot_control)
[12.426s] Level 1:colcon.colcon_core.environment:checking '/home/rock6/ros2_lab4/src/install/navigation' for CMake module files
[12.430s] DEBUG:colcon.colcon_core.event_handler.log_command:Invoked command in '/home/rock6/ros2_lab4/src/navigation' returned '0': PYTHONPATH=/home/rock6/ros2_lab4/src/build/navigation/prefix_override:/usr/lib/python3/dist-packages/colcon_core/task/python/colcon_distutils_commands:/home/rock6/ros2_lab4/src/install/navigation/lib/python3.10/site-packages:${PYTHONPATH} /usr/bin/python3 -W ignore:setup.py install is deprecated -W ignore:easy_install command is deprecated setup.py egg_info --egg-base ../build/navigation build --build-base /home/rock6/ros2_lab4/src/build/navigation/build install --record /home/rock6/ros2_lab4/src/build/navigation/install.log --single-version-externally-managed install_data
[12.432s] Level 1:colcon.colcon_core.environment:checking '/home/rock6/ros2_lab4/src/install/navigation' for CMake config files
[12.435s] Level 1:colcon.colcon_core.environment:checking '/home/rock6/ros2_lab4/src/install/navigation/lib'
[12.436s] Level 1:colcon.colcon_core.environment:checking '/home/rock6/ros2_lab4/src/install/navigation/bin'
[12.437s] Level 1:colcon.colcon_core.environment:checking '/home/rock6/ros2_lab4/src/install/navigation/lib/pkgconfig/navigation.pc'
[12.439s] Level 1:colcon.colcon_core.environment:checking '/home/rock6/ros2_lab4/src/install/navigation/lib/python3.10/site-packages'
[12.439s] Level 1:colcon.colcon_core.shell:create_environment_hook('navigation', 'pythonpath')
[12.441s] INFO:colcon.colcon_core.shell:Creating environment hook '/home/rock6/ros2_lab4/src/install/navigation/share/navigation/hook/pythonpath.ps1'
[12.443s] INFO:colcon.colcon_core.shell:Creating environment descriptor '/home/rock6/ros2_lab4/src/install/navigation/share/navigation/hook/pythonpath.dsv'
[12.446s] INFO:colcon.colcon_core.shell:Creating environment hook '/home/rock6/ros2_lab4/src/install/navigation/share/navigation/hook/pythonpath.sh'
[12.449s] Level 1:colcon.colcon_core.environment:checking '/home/rock6/ros2_lab4/src/install/navigation/bin'
[12.450s] Level 1:colcon.colcon_core.environment:create_environment_scripts_only(navigation)
[12.452s] INFO:colcon.colcon_core.shell:Creating package script '/home/rock6/ros2_lab4/src/install/navigation/share/navigation/package.ps1'
[12.456s] INFO:colcon.colcon_core.shell:Creating package descriptor '/home/rock6/ros2_lab4/src/install/navigation/share/navigation/package.dsv'
[12.459s] INFO:colcon.colcon_core.shell:Creating package script '/home/rock6/ros2_lab4/src/install/navigation/share/navigation/package.sh'
[12.462s] INFO:colcon.colcon_core.shell:Creating package script '/home/rock6/ros2_lab4/src/install/navigation/share/navigation/package.bash'
[12.464s] INFO:colcon.colcon_core.shell:Creating package script '/home/rock6/ros2_lab4/src/install/navigation/share/navigation/package.zsh'
[12.467s] Level 1:colcon.colcon_core.environment:create_file_with_runtime_dependencies(/home/rock6/ros2_lab4/src/install/navigation/share/colcon-core/packages/navigation)
[12.517s] Level 1:colcon.colcon_core.environment:checking '/home/rock6/ros2_lab4/src/install/robot_camera' for CMake module files
[12.520s] DEBUG:colcon.colcon_core.event_handler.log_command:Invoked command in '/home/rock6/ros2_lab4/src/robot_camera' returned '0': PYTHONPATH=/home/rock6/ros2_lab4/src/build/robot_camera/prefix_override:/usr/lib/python3/dist-packages/colcon_core/task/python/colcon_distutils_commands:/home/rock6/ros2_lab4/src/install/robot_camera/lib/python3.10/site-packages:${PYTHONPATH} /usr/bin/python3 -W ignore:setup.py install is deprecated -W ignore:easy_install command is deprecated setup.py egg_info --egg-base ../build/robot_camera build --build-base /home/rock6/ros2_lab4/src/build/robot_camera/build install --record /home/rock6/ros2_lab4/src/build/robot_camera/install.log --single-version-externally-managed install_data
[12.523s] Level 1:colcon.colcon_core.environment:checking '/home/rock6/ros2_lab4/src/install/robot_camera' for CMake config files
[12.527s] Level 1:colcon.colcon_core.environment:checking '/home/rock6/ros2_lab4/src/install/robot_camera/lib'
[12.528s] Level 1:colcon.colcon_core.environment:checking '/home/rock6/ros2_lab4/src/install/robot_camera/bin'
[12.528s] Level 1:colcon.colcon_core.environment:checking '/home/rock6/ros2_lab4/src/install/robot_camera/lib/pkgconfig/robot_camera.pc'
[12.530s] Level 1:colcon.colcon_core.environment:checking '/home/rock6/ros2_lab4/src/install/robot_camera/lib/python3.10/site-packages'
[12.530s] Level 1:colcon.colcon_core.shell:create_environment_hook('robot_camera', 'pythonpath')
[12.533s] INFO:colcon.colcon_core.shell:Creating environment hook '/home/rock6/ros2_lab4/src/install/robot_camera/share/robot_camera/hook/pythonpath.ps1'
[12.536s] INFO:colcon.colcon_core.shell:Creating environment descriptor '/home/rock6/ros2_lab4/src/install/robot_camera/share/robot_camera/hook/pythonpath.dsv'
[12.539s] INFO:colcon.colcon_core.shell:Creating environment hook '/home/rock6/ros2_lab4/src/install/robot_camera/share/robot_camera/hook/pythonpath.sh'
[12.543s] Level 1:colcon.colcon_core.environment:checking '/home/rock6/ros2_lab4/src/install/robot_camera/bin'
[12.544s] Level 1:colcon.colcon_core.environment:create_environment_scripts_only(robot_camera)
[12.546s] INFO:colcon.colcon_core.shell:Creating package script '/home/rock6/ros2_lab4/src/install/robot_camera/share/robot_camera/package.ps1'
[12.549s] INFO:colcon.colcon_core.shell:Creating package descriptor '/home/rock6/ros2_lab4/src/install/robot_camera/share/robot_camera/package.dsv'
[12.553s] INFO:colcon.colcon_core.shell:Creating package script '/home/rock6/ros2_lab4/src/install/robot_camera/share/robot_camera/package.sh'
[12.556s] INFO:colcon.colcon_core.shell:Creating package script '/home/rock6/ros2_lab4/src/install/robot_camera/share/robot_camera/package.bash'
[12.559s] INFO:colcon.colcon_core.shell:Creating package script '/home/rock6/ros2_lab4/src/install/robot_camera/share/robot_camera/package.zsh'
[12.561s] Level 1:colcon.colcon_core.environment:create_file_with_runtime_dependencies(/home/rock6/ros2_lab4/src/install/robot_camera/share/colcon-core/packages/robot_camera)
[15.367s] DEBUG:colcon.colcon_core.event_handler.log_command:Invoked command in '/home/rock6/ros2_lab4/src/build/action_interface' returned '0': CMAKE_PREFIX_PATH=${CMAKE_PREFIX_PATH}:/home/rock6/ros2_lab4/install/robot_control:/home/rock6/ros2_lab4/install/robot_camera:/home/rock6/ros2_lab4/install/navigation:/opt/ros/iron /usr/bin/cmake /home/rock6/ros2_lab4/src/action_interface -DCMAKE_INSTALL_PREFIX=/home/rock6/ros2_lab4/src/install/action_interface
[15.389s] DEBUG:colcon.colcon_core.event_handler.log_command:Invoking command in '/home/rock6/ros2_lab4/src/build/action_interface': CMAKE_PREFIX_PATH=${CMAKE_PREFIX_PATH}:/home/rock6/ros2_lab4/install/robot_control:/home/rock6/ros2_lab4/install/robot_camera:/home/rock6/ros2_lab4/install/navigation:/opt/ros/iron /usr/bin/cmake --build /home/rock6/ros2_lab4/src/build/action_interface -- -j4 -l4
[43.523s] DEBUG:colcon.colcon_core.event_handler.log_command:Invoked command in '/home/rock6/ros2_lab4/src/build/action_interface' returned '0': CMAKE_PREFIX_PATH=${CMAKE_PREFIX_PATH}:/home/rock6/ros2_lab4/install/robot_control:/home/rock6/ros2_lab4/install/robot_camera:/home/rock6/ros2_lab4/install/navigation:/opt/ros/iron /usr/bin/cmake --build /home/rock6/ros2_lab4/src/build/action_interface -- -j4 -l4
[43.581s] DEBUG:colcon.colcon_core.event_handler.log_command:Invoking command in '/home/rock6/ros2_lab4/src/build/action_interface': CMAKE_PREFIX_PATH=${CMAKE_PREFIX_PATH}:/home/rock6/ros2_lab4/install/robot_control:/home/rock6/ros2_lab4/install/robot_camera:/home/rock6/ros2_lab4/install/navigation:/opt/ros/iron /usr/bin/cmake --install /home/rock6/ros2_lab4/src/build/action_interface
[44.046s] Level 1:colcon.colcon_core.environment:create_environment_scripts_only(action_interface)
[44.054s] Level 1:colcon.colcon_core.environment:checking '/home/rock6/ros2_lab4/src/install/action_interface' for CMake module files
[44.072s] DEBUG:colcon.colcon_core.event_handler.log_command:Invoked command in '/home/rock6/ros2_lab4/src/build/action_interface' returned '0': CMAKE_PREFIX_PATH=${CMAKE_PREFIX_PATH}:/home/rock6/ros2_lab4/install/robot_control:/home/rock6/ros2_lab4/install/robot_camera:/home/rock6/ros2_lab4/install/navigation:/opt/ros/iron /usr/bin/cmake --install /home/rock6/ros2_lab4/src/build/action_interface
[44.082s] Level 1:colcon.colcon_core.environment:checking '/home/rock6/ros2_lab4/src/install/action_interface' for CMake config files
[44.088s] Level 1:colcon.colcon_core.shell:create_environment_hook('action_interface', 'cmake_prefix_path')
[44.092s] INFO:colcon.colcon_core.shell:Creating environment hook '/home/rock6/ros2_lab4/src/install/action_interface/share/action_interface/hook/cmake_prefix_path.ps1'
[44.101s] INFO:colcon.colcon_core.shell:Creating environment descriptor '/home/rock6/ros2_lab4/src/install/action_interface/share/action_interface/hook/cmake_prefix_path.dsv'
[44.106s] INFO:colcon.colcon_core.shell:Creating environment hook '/home/rock6/ros2_lab4/src/install/action_interface/share/action_interface/hook/cmake_prefix_path.sh'
[44.114s] Level 1:colcon.colcon_core.environment:checking '/home/rock6/ros2_lab4/src/install/action_interface/lib'
[44.115s] Level 1:colcon.colcon_core.shell:create_environment_hook('action_interface', 'ld_library_path_lib')
[44.118s] INFO:colcon.colcon_core.shell:Creating environment hook '/home/rock6/ros2_lab4/src/install/action_interface/share/action_interface/hook/ld_library_path_lib.ps1'
[44.122s] INFO:colcon.colcon_core.shell:Creating environment descriptor '/home/rock6/ros2_lab4/src/install/action_interface/share/action_interface/hook/ld_library_path_lib.dsv'
[44.126s] INFO:colcon.colcon_core.shell:Creating environment hook '/home/rock6/ros2_lab4/src/install/action_interface/share/action_interface/hook/ld_library_path_lib.sh'
[44.131s] Level 1:colcon.colcon_core.environment:checking '/home/rock6/ros2_lab4/src/install/action_interface/bin'
[44.132s] Level 1:colcon.colcon_core.environment:checking '/home/rock6/ros2_lab4/src/install/action_interface/lib/pkgconfig/action_interface.pc'
[44.134s] Level 1:colcon.colcon_core.environment:checking '/home/rock6/ros2_lab4/src/install/action_interface/lib/python3.10/site-packages'
[44.136s] Level 1:colcon.colcon_core.shell:create_environment_hook('action_interface', 'pythonpath')
[44.138s] INFO:colcon.colcon_core.shell:Creating environment hook '/home/rock6/ros2_lab4/src/install/action_interface/share/action_interface/hook/pythonpath.ps1'
[44.143s] INFO:colcon.colcon_core.shell:Creating environment descriptor '/home/rock6/ros2_lab4/src/install/action_interface/share/action_interface/hook/pythonpath.dsv'
[44.146s] INFO:colcon.colcon_core.shell:Creating environment hook '/home/rock6/ros2_lab4/src/install/action_interface/share/action_interface/hook/pythonpath.sh'
[44.151s] Level 1:colcon.colcon_core.environment:checking '/home/rock6/ros2_lab4/src/install/action_interface/bin'
[44.155s] INFO:colcon.colcon_core.shell:Creating package script '/home/rock6/ros2_lab4/src/install/action_interface/share/action_interface/package.ps1'
[44.161s] INFO:colcon.colcon_core.shell:Creating package descriptor '/home/rock6/ros2_lab4/src/install/action_interface/share/action_interface/package.dsv'
[44.167s] INFO:colcon.colcon_core.shell:Creating package script '/home/rock6/ros2_lab4/src/install/action_interface/share/action_interface/package.sh'
[44.172s] INFO:colcon.colcon_core.shell:Creating package script '/home/rock6/ros2_lab4/src/install/action_interface/share/action_interface/package.bash'
[44.175s] INFO:colcon.colcon_core.shell:Creating package script '/home/rock6/ros2_lab4/src/install/action_interface/share/action_interface/package.zsh'
[44.180s] Level 1:colcon.colcon_core.environment:create_file_with_runtime_dependencies(/home/rock6/ros2_lab4/src/install/action_interface/share/colcon-core/packages/action_interface)
[44.185s] Level 1:colcon.colcon_core.environment:create_environment_scripts_only(action_interface)
[44.188s] Level 1:colcon.colcon_core.environment:checking '/home/rock6/ros2_lab4/src/install/action_interface' for CMake module files
[44.195s] Level 1:colcon.colcon_core.environment:checking '/home/rock6/ros2_lab4/src/install/action_interface' for CMake config files
[44.198s] Level 1:colcon.colcon_core.shell:create_environment_hook('action_interface', 'cmake_prefix_path')
[44.199s] INFO:colcon.colcon_core.shell:Creating environment hook '/home/rock6/ros2_lab4/src/install/action_interface/share/action_interface/hook/cmake_prefix_path.ps1'
[44.202s] INFO:colcon.colcon_core.shell:Creating environment descriptor '/home/rock6/ros2_lab4/src/install/action_interface/share/action_interface/hook/cmake_prefix_path.dsv'
[44.205s] INFO:colcon.colcon_core.shell:Creating environment hook '/home/rock6/ros2_lab4/src/install/action_interface/share/action_interface/hook/cmake_prefix_path.sh'
[44.209s] Level 1:colcon.colcon_core.environment:checking '/home/rock6/ros2_lab4/src/install/action_interface/lib'
[44.209s] Level 1:colcon.colcon_core.shell:create_environment_hook('action_interface', 'ld_library_path_lib')
[44.211s] INFO:colcon.colcon_core.shell:Creating environment hook '/home/rock6/ros2_lab4/src/install/action_interface/share/action_interface/hook/ld_library_path_lib.ps1'
[44.213s] INFO:colcon.colcon_core.shell:Creating environment descriptor '/home/rock6/ros2_lab4/src/install/action_interface/share/action_interface/hook/ld_library_path_lib.dsv'
[44.216s] INFO:colcon.colcon_core.shell:Creating environment hook '/home/rock6/ros2_lab4/src/install/action_interface/share/action_interface/hook/ld_library_path_lib.sh'
[44.219s] Level 1:colcon.colcon_core.environment:checking '/home/rock6/ros2_lab4/src/install/action_interface/bin'
[44.219s] Level 1:colcon.colcon_core.environment:checking '/home/rock6/ros2_lab4/src/install/action_interface/lib/pkgconfig/action_interface.pc'
[44.220s] Level 1:colcon.colcon_core.environment:checking '/home/rock6/ros2_lab4/src/install/action_interface/lib/python3.10/site-packages'
[44.221s] Level 1:colcon.colcon_core.shell:create_environment_hook('action_interface', 'pythonpath')
[44.222s] INFO:colcon.colcon_core.shell:Creating environment hook '/home/rock6/ros2_lab4/src/install/action_interface/share/action_interface/hook/pythonpath.ps1'
[44.224s] INFO:colcon.colcon_core.shell:Creating environment descriptor '/home/rock6/ros2_lab4/src/install/action_interface/share/action_interface/hook/pythonpath.dsv'
[44.227s] INFO:colcon.colcon_core.shell:Creating environment hook '/home/rock6/ros2_lab4/src/install/action_interface/share/action_interface/hook/pythonpath.sh'
[44.230s] Level 1:colcon.colcon_core.environment:checking '/home/rock6/ros2_lab4/src/install/action_interface/bin'
[44.233s] INFO:colcon.colcon_core.shell:Creating package script '/home/rock6/ros2_lab4/src/install/action_interface/share/action_interface/package.ps1'
[44.238s] INFO:colcon.colcon_core.shell:Creating package descriptor '/home/rock6/ros2_lab4/src/install/action_interface/share/action_interface/package.dsv'
[44.242s] INFO:colcon.colcon_core.shell:Creating package script '/home/rock6/ros2_lab4/src/install/action_interface/share/action_interface/package.sh'
[44.245s] INFO:colcon.colcon_core.shell:Creating package script '/home/rock6/ros2_lab4/src/install/action_interface/share/action_interface/package.bash'
[44.248s] INFO:colcon.colcon_core.shell:Creating package script '/home/rock6/ros2_lab4/src/install/action_interface/share/action_interface/package.zsh'
[44.251s] Level 1:colcon.colcon_core.environment:create_file_with_runtime_dependencies(/home/rock6/ros2_lab4/src/install/action_interface/share/colcon-core/packages/action_interface)
[44.252s] DEBUG:colcon.colcon_parallel_executor.executor.parallel:closing loop
[44.252s] DEBUG:colcon.colcon_parallel_executor.executor.parallel:loop closed
[44.253s] DEBUG:colcon.colcon_parallel_executor.executor.parallel:run_until_complete finished with '0'
[44.253s] DEBUG:colcon.colcon_core.event_reactor:joining thread
[44.302s] INFO:colcon.colcon_core.plugin_system:Skipping extension 'colcon_notification.desktop_notification.notify_send': Could not find 'notify-send'
[44.303s] INFO:colcon.colcon_core.plugin_system:Skipping extension 'colcon_notification.desktop_notification.terminal_notifier': Not used on non-Darwin systems
[44.303s] INFO:colcon.colcon_core.plugin_system:Skipping extension 'colcon_notification.desktop_notification.win32': Not used on non-Windows systems
[44.304s] INFO:colcon.colcon_notification.desktop_notification:Sending desktop notification using 'notify2'
[44.329s] DEBUG:colcon.colcon_core.event_reactor:joined thread
[44.331s] INFO:colcon.colcon_core.shell:Creating prefix script '/home/rock6/ros2_lab4/src/install/local_setup.ps1'
[44.337s] INFO:colcon.colcon_core.shell:Creating prefix util module '/home/rock6/ros2_lab4/src/install/_local_setup_util_ps1.py'
[44.346s] INFO:colcon.colcon_core.shell:Creating prefix chain script '/home/rock6/ros2_lab4/src/install/setup.ps1'
[44.354s] INFO:colcon.colcon_core.shell:Creating prefix script '/home/rock6/ros2_lab4/src/install/local_setup.sh'
[44.358s] INFO:colcon.colcon_core.shell:Creating prefix util module '/home/rock6/ros2_lab4/src/install/_local_setup_util_sh.py'
[44.362s] INFO:colcon.colcon_core.shell:Creating prefix chain script '/home/rock6/ros2_lab4/src/install/setup.sh'
[44.370s] INFO:colcon.colcon_core.shell:Creating prefix script '/home/rock6/ros2_lab4/src/install/local_setup.bash'
[44.373s] INFO:colcon.colcon_core.shell:Creating prefix chain script '/home/rock6/ros2_lab4/src/install/setup.bash'
[44.381s] INFO:colcon.colcon_core.shell:Creating prefix script '/home/rock6/ros2_lab4/src/install/local_setup.zsh'
[44.384s] INFO:colcon.colcon_core.shell:Creating prefix chain script '/home/rock6/ros2_lab4/src/install/setup.zsh'
