-- The C compiler identification is GNU 11.4.0
-- The CXX compiler identification is GNU 11.4.0
-- Detecting C compiler ABI info
-- Detecting C compiler ABI info - done
-- Check for working C compiler: /usr/bin/cc - skipped
-- Detecting C compile features
-- Detecting C compile features - done
-- Detecting CXX compiler ABI info
-- Detecting CXX compiler ABI info - done
-- Check for working CXX compiler: /usr/bin/c++ - skipped
-- Detecting CXX compile features
-- Detecting CXX compile features - done
-- Found ament_cmake: 2.0.7 (/opt/ros/iron/share/ament_cmake/cmake)
-- Found Python3: /usr/bin/python3.10 (found version "3.10.12") found components: Interpreter 
-- Found rosidl_default_generators: 1.5.0 (/opt/ros/iron/share/rosidl_default_generators/cmake)
-- Using all available rosidl_typesupport_c: rosidl_typesupport_fastrtps_c;rosidl_typesupport_introspection_c
-- Using all available rosidl_typesupport_cpp: rosidl_typesupport_fastrtps_cpp;rosidl_typesupport_introspection_cpp
-- Found rosidl_adapter: 4.0.1 (/opt/ros/iron/share/rosidl_adapter/cmake)
-- Found ament_cmake_ros: 0.11.2 (/opt/ros/iron/share/ament_cmake_ros/cmake)
-- Using all available rosidl_typesupport_c: rosidl_typesupport_fastrtps_c;rosidl_typesupport_introspection_c
-- Using all available rosidl_typesupport_cpp: rosidl_typesupport_fastrtps_cpp;rosidl_typesupport_introspection_cpp
-- Found PythonInterp: /usr/bin/python3 (found suitable version "3.10.12", minimum required is "3.6") 
-- Found python_cmake_module: 0.10.2 (/opt/ros/iron/share/python_cmake_module/cmake)
-- Found PythonLibs: /usr/lib/x86_64-linux-gnu/libpython3.10.so (found suitable version "3.10.12", minimum required is "3.5") 
-- Using PYTHON_EXECUTABLE: /usr/bin/python3
-- Using PYTHON_INCLUDE_DIRS: /usr/include/python3.10
-- Using PYTHON_LIBRARIES: /usr/lib/x86_64-linux-gnu/libpython3.10.so
-- Found PythonExtra: .so  
-- Found ament_lint_auto: 0.14.4 (/opt/ros/iron/share/ament_lint_auto/cmake)
-- Added test 'lint_cmake' to check CMake code style
-- Added test 'xmllint' to check XML markup files
-- Configuring done
-- Generating done
-- Build files have been written to: /home/rock6/ros2_lab4/src/build/action_interface
[  2%] [34m[1mGenerating type hashes for ROS interfaces[0m
[  2%] Built target ament_cmake_python_copy_action_interface
[  2%] Built target action_interface__rosidl_generator_type_description
[  5%] [34m[1mGenerating C code for ROS interfaces[0m
running egg_info
creating action_interface.egg-info
writing action_interface.egg-info/PKG-INFO
writing dependency_links to action_interface.egg-info/dependency_links.txt
writing top-level names to action_interface.egg-info/top_level.txt
writing manifest file 'action_interface.egg-info/SOURCES.txt'
reading manifest file 'action_interface.egg-info/SOURCES.txt'
writing manifest file 'action_interface.egg-info/SOURCES.txt'
[  8%] [34m[1mGenerating C++ code for ROS interfaces[0m
[  8%] Built target ament_cmake_python_build_action_interface_egg
[  8%] Built target action_interface__cpp
[ 14%] [32mBuilding C object CMakeFiles/action_interface__rosidl_generator_c.dir/rosidl_generator_c/action_interface/action/detail/robot__functions.c.o[0m
[ 14%] [32mBuilding C object CMakeFiles/action_interface__rosidl_generator_c.dir/rosidl_generator_c/action_interface/action/detail/robot__description.c.o[0m
[ 17%] [32mBuilding C object CMakeFiles/action_interface__rosidl_generator_c.dir/rosidl_generator_c/action_interface/action/detail/robot__type_support.c.o[0m
[ 20%] [32m[1mLinking C shared library libaction_interface__rosidl_generator_c.so[0m
[ 20%] Built target action_interface__rosidl_generator_c
[ 23%] [34m[1mGenerating C++ type support dispatch for ROS interfaces[0m
[ 26%] [34m[1mGenerating C type support for eProsima Fast-RTPS[0m
[ 29%] [34m[1mGenerating C type support dispatch for ROS interfaces[0m
[ 32%] [34m[1mGenerating C introspection for ROS interfaces[0m
[ 35%] [32mBuilding CXX object CMakeFiles/action_interface__rosidl_typesupport_c.dir/rosidl_typesupport_c/action_interface/action/robot__type_support.cpp.o[0m
[ 38%] [32mBuilding CXX object CMakeFiles/action_interface__rosidl_typesupport_cpp.dir/rosidl_typesupport_cpp/action_interface/action/robot__type_support.cpp.o[0m
[ 41%] [32m[1mLinking CXX shared library libaction_interface__rosidl_typesupport_c.so[0m
[ 41%] Built target action_interface__rosidl_typesupport_c
[ 44%] [32mBuilding C object CMakeFiles/action_interface__rosidl_typesupport_introspection_c.dir/rosidl_typesupport_introspection_c/action_interface/action/detail/robot__type_support.c.o[0m
[ 47%] [34m[1mGenerating C++ type support for eProsima Fast-RTPS[0m
[ 50%] [32m[1mLinking C shared library libaction_interface__rosidl_typesupport_introspection_c.so[0m
[ 52%] [32mBuilding CXX object CMakeFiles/action_interface__rosidl_typesupport_fastrtps_c.dir/rosidl_typesupport_fastrtps_c/action_interface/action/detail/robot__type_support_c.cpp.o[0m
[ 52%] Built target action_interface__rosidl_typesupport_introspection_c
[ 55%] [34m[1mGenerating C++ introspection for ROS interfaces[0m
[ 58%] [32m[1mLinking CXX shared library libaction_interface__rosidl_typesupport_fastrtps_c.so[0m
[ 61%] [32mBuilding CXX object CMakeFiles/action_interface__rosidl_typesupport_introspection_cpp.dir/rosidl_typesupport_introspection_cpp/action_interface/action/detail/robot__type_support.cpp.o[0m
[ 64%] [32mBuilding CXX object CMakeFiles/action_interface__rosidl_typesupport_fastrtps_cpp.dir/rosidl_typesupport_fastrtps_cpp/action_interface/action/detail/dds_fastrtps/robot__type_support.cpp.o[0m
[ 64%] Built target action_interface__rosidl_typesupport_fastrtps_c
[ 67%] [32m[1mLinking CXX shared library libaction_interface__rosidl_typesupport_cpp.so[0m
[ 67%] Built target action_interface__rosidl_typesupport_cpp
[ 70%] [32m[1mLinking CXX shared library libaction_interface__rosidl_typesupport_introspection_cpp.so[0m
[ 70%] Built target action_interface__rosidl_typesupport_introspection_cpp
[ 73%] [32m[1mLinking CXX shared library libaction_interface__rosidl_typesupport_fastrtps_cpp.so[0m
[ 73%] Built target action_interface__rosidl_typesupport_fastrtps_cpp
[ 73%] Built target action_interface
[ 76%] [34m[1mGenerating Python code for ROS interfaces[0m
[ 76%] Built target action_interface__py
[ 79%] [32mBuilding C object CMakeFiles/action_interface__rosidl_generator_py.dir/rosidl_generator_py/action_interface/action/_robot_s.c.o[0m
[ 82%] [32m[1mLinking C shared library rosidl_generator_py/action_interface/libaction_interface__rosidl_generator_py.so[0m
[ 82%] Built target action_interface__rosidl_generator_py
[ 85%] [32mBuilding C object CMakeFiles/action_interface__rosidl_typesupport_fastrtps_c__pyext.dir/rosidl_generator_py/action_interface/_action_interface_s.ep.rosidl_typesupport_fastrtps_c.c.o[0m
[ 88%] [32mBuilding C object CMakeFiles/action_interface__rosidl_typesupport_introspection_c__pyext.dir/rosidl_generator_py/action_interface/_action_interface_s.ep.rosidl_typesupport_introspection_c.c.o[0m
[ 91%] [32mBuilding C object CMakeFiles/action_interface__rosidl_typesupport_c__pyext.dir/rosidl_generator_py/action_interface/_action_interface_s.ep.rosidl_typesupport_c.c.o[0m
[ 94%] [32m[1mLinking C shared library rosidl_generator_py/action_interface/action_interface_s__rosidl_typesupport_c.cpython-310-x86_64-linux-gnu.so[0m
[ 97%] [32m[1mLinking C shared library rosidl_generator_py/action_interface/action_interface_s__rosidl_typesupport_introspection_c.cpython-310-x86_64-linux-gnu.so[0m
[100%] [32m[1mLinking C shared library rosidl_generator_py/action_interface/action_interface_s__rosidl_typesupport_fastrtps_c.cpython-310-x86_64-linux-gnu.so[0m
[100%] Built target action_interface__rosidl_typesupport_c__pyext
[100%] Built target action_interface__rosidl_typesupport_fastrtps_c__pyext
[100%] Built target action_interface__rosidl_typesupport_introspection_c__pyext
-- Install configuration: ""
-- Installing: /home/rock6/ros2_lab4/src/install/action_interface/share/ament_index/resource_index/rosidl_interfaces/action_interface
-- Installing: /home/rock6/ros2_lab4/src/install/action_interface/share/action_interface/action/Robot.json
-- Installing: /home/rock6/ros2_lab4/src/install/action_interface/include/action_interface/action_interface
-- Installing: /home/rock6/ros2_lab4/src/install/action_interface/include/action_interface/action_interface/msg
-- Installing: /home/rock6/ros2_lab4/src/install/action_interface/include/action_interface/action_interface/msg/rosidl_generator_c__visibility_control.h
-- Installing: /home/rock6/ros2_lab4/src/install/action_interface/include/action_interface/action_interface/action
-- Installing: /home/rock6/ros2_lab4/src/install/action_interface/include/action_interface/action_interface/action/robot.h
-- Installing: /home/rock6/ros2_lab4/src/install/action_interface/include/action_interface/action_interface/action/detail
-- Installing: /home/rock6/ros2_lab4/src/install/action_interface/include/action_interface/action_interface/action/detail/robot__functions.h
-- Installing: /home/rock6/ros2_lab4/src/install/action_interface/include/action_interface/action_interface/action/detail/robot__struct.h
-- Installing: /home/rock6/ros2_lab4/src/install/action_interface/include/action_interface/action_interface/action/detail/robot__description.c
-- Installing: /home/rock6/ros2_lab4/src/install/action_interface/include/action_interface/action_interface/action/detail/robot__functions.c
-- Installing: /home/rock6/ros2_lab4/src/install/action_interface/include/action_interface/action_interface/action/detail/robot__type_support.h
-- Installing: /home/rock6/ros2_lab4/src/install/action_interface/include/action_interface/action_interface/action/detail/robot__type_support.c
-- Installing: /home/rock6/ros2_lab4/src/install/action_interface/share/action_interface/environment/library_path.sh
-- Installing: /home/rock6/ros2_lab4/src/install/action_interface/share/action_interface/environment/library_path.dsv
-- Installing: /home/rock6/ros2_lab4/src/install/action_interface/lib/libaction_interface__rosidl_generator_c.so
-- Set runtime path of "/home/rock6/ros2_lab4/src/install/action_interface/lib/libaction_interface__rosidl_generator_c.so" to ""
-- Up-to-date: /home/rock6/ros2_lab4/src/install/action_interface/include/action_interface/action_interface
-- Up-to-date: /home/rock6/ros2_lab4/src/install/action_interface/include/action_interface/action_interface/msg
-- Installing: /home/rock6/ros2_lab4/src/install/action_interface/include/action_interface/action_interface/msg/rosidl_typesupport_fastrtps_c__visibility_control.h
-- Up-to-date: /home/rock6/ros2_lab4/src/install/action_interface/include/action_interface/action_interface/action
-- Up-to-date: /home/rock6/ros2_lab4/src/install/action_interface/include/action_interface/action_interface/action/detail
-- Installing: /home/rock6/ros2_lab4/src/install/action_interface/include/action_interface/action_interface/action/detail/robot__rosidl_typesupport_fastrtps_c.h
-- Installing: /home/rock6/ros2_lab4/src/install/action_interface/lib/libaction_interface__rosidl_typesupport_fastrtps_c.so
-- Set runtime path of "/home/rock6/ros2_lab4/src/install/action_interface/lib/libaction_interface__rosidl_typesupport_fastrtps_c.so" to ""
-- Up-to-date: /home/rock6/ros2_lab4/src/install/action_interface/include/action_interface/action_interface
-- Up-to-date: /home/rock6/ros2_lab4/src/install/action_interface/include/action_interface/action_interface/msg
-- Installing: /home/rock6/ros2_lab4/src/install/action_interface/include/action_interface/action_interface/msg/rosidl_typesupport_introspection_c__visibility_control.h
-- Up-to-date: /home/rock6/ros2_lab4/src/install/action_interface/include/action_interface/action_interface/action
-- Up-to-date: /home/rock6/ros2_lab4/src/install/action_interface/include/action_interface/action_interface/action/detail
-- Installing: /home/rock6/ros2_lab4/src/install/action_interface/include/action_interface/action_interface/action/detail/robot__rosidl_typesupport_introspection_c.h
-- Installing: /home/rock6/ros2_lab4/src/install/action_interface/include/action_interface/action_interface/action/detail/robot__type_support.c
-- Installing: /home/rock6/ros2_lab4/src/install/action_interface/lib/libaction_interface__rosidl_typesupport_introspection_c.so
-- Set runtime path of "/home/rock6/ros2_lab4/src/install/action_interface/lib/libaction_interface__rosidl_typesupport_introspection_c.so" to ""
-- Installing: /home/rock6/ros2_lab4/src/install/action_interface/lib/libaction_interface__rosidl_typesupport_c.so
-- Set runtime path of "/home/rock6/ros2_lab4/src/install/action_interface/lib/libaction_interface__rosidl_typesupport_c.so" to ""
-- Up-to-date: /home/rock6/ros2_lab4/src/install/action_interface/include/action_interface/action_interface
-- Up-to-date: /home/rock6/ros2_lab4/src/install/action_interface/include/action_interface/action_interface/action
-- Up-to-date: /home/rock6/ros2_lab4/src/install/action_interface/include/action_interface/action_interface/action/detail
-- Installing: /home/rock6/ros2_lab4/src/install/action_interface/include/action_interface/action_interface/action/detail/robot__struct.hpp
-- Installing: /home/rock6/ros2_lab4/src/install/action_interface/include/action_interface/action_interface/action/detail/robot__builder.hpp
-- Installing: /home/rock6/ros2_lab4/src/install/action_interface/include/action_interface/action_interface/action/detail/robot__traits.hpp
-- Installing: /home/rock6/ros2_lab4/src/install/action_interface/include/action_interface/action_interface/action/robot.hpp
-- Up-to-date: /home/rock6/ros2_lab4/src/install/action_interface/include/action_interface/action_interface
-- Up-to-date: /home/rock6/ros2_lab4/src/install/action_interface/include/action_interface/action_interface/msg
-- Installing: /home/rock6/ros2_lab4/src/install/action_interface/include/action_interface/action_interface/msg/rosidl_typesupport_fastrtps_cpp__visibility_control.h
-- Up-to-date: /home/rock6/ros2_lab4/src/install/action_interface/include/action_interface/action_interface/action
-- Up-to-date: /home/rock6/ros2_lab4/src/install/action_interface/include/action_interface/action_interface/action/detail
-- Installing: /home/rock6/ros2_lab4/src/install/action_interface/include/action_interface/action_interface/action/detail/robot__rosidl_typesupport_fastrtps_cpp.hpp
-- Installing: /home/rock6/ros2_lab4/src/install/action_interface/include/action_interface/action_interface/action/detail/dds_fastrtps
-- Installing: /home/rock6/ros2_lab4/src/install/action_interface/lib/libaction_interface__rosidl_typesupport_fastrtps_cpp.so
-- Set runtime path of "/home/rock6/ros2_lab4/src/install/action_interface/lib/libaction_interface__rosidl_typesupport_fastrtps_cpp.so" to ""
-- Up-to-date: /home/rock6/ros2_lab4/src/install/action_interface/include/action_interface/action_interface
-- Up-to-date: /home/rock6/ros2_lab4/src/install/action_interface/include/action_interface/action_interface/action
-- Up-to-date: /home/rock6/ros2_lab4/src/install/action_interface/include/action_interface/action_interface/action/detail
-- Installing: /home/rock6/ros2_lab4/src/install/action_interface/include/action_interface/action_interface/action/detail/robot__type_support.cpp
-- Installing: /home/rock6/ros2_lab4/src/install/action_interface/include/action_interface/action_interface/action/detail/robot__rosidl_typesupport_introspection_cpp.hpp
-- Installing: /home/rock6/ros2_lab4/src/install/action_interface/lib/libaction_interface__rosidl_typesupport_introspection_cpp.so
-- Set runtime path of "/home/rock6/ros2_lab4/src/install/action_interface/lib/libaction_interface__rosidl_typesupport_introspection_cpp.so" to ""
-- Installing: /home/rock6/ros2_lab4/src/install/action_interface/lib/libaction_interface__rosidl_typesupport_cpp.so
-- Set runtime path of "/home/rock6/ros2_lab4/src/install/action_interface/lib/libaction_interface__rosidl_typesupport_cpp.so" to ""
-- Installing: /home/rock6/ros2_lab4/src/install/action_interface/share/action_interface/environment/pythonpath.sh
-- Installing: /home/rock6/ros2_lab4/src/install/action_interface/share/action_interface/environment/pythonpath.dsv
-- Installing: /home/rock6/ros2_lab4/src/install/action_interface/lib/python3.10/site-packages/action_interface-0.0.0-py3.10.egg-info
-- Installing: /home/rock6/ros2_lab4/src/install/action_interface/lib/python3.10/site-packages/action_interface-0.0.0-py3.10.egg-info/SOURCES.txt
-- Installing: /home/rock6/ros2_lab4/src/install/action_interface/lib/python3.10/site-packages/action_interface-0.0.0-py3.10.egg-info/dependency_links.txt
-- Installing: /home/rock6/ros2_lab4/src/install/action_interface/lib/python3.10/site-packages/action_interface-0.0.0-py3.10.egg-info/PKG-INFO
-- Installing: /home/rock6/ros2_lab4/src/install/action_interface/lib/python3.10/site-packages/action_interface-0.0.0-py3.10.egg-info/top_level.txt
-- Installing: /home/rock6/ros2_lab4/src/install/action_interface/lib/python3.10/site-packages/action_interface
-- Installing: /home/rock6/ros2_lab4/src/install/action_interface/lib/python3.10/site-packages/action_interface/action_interface_s__rosidl_typesupport_c.cpython-310-x86_64-linux-gnu.so
-- Installing: /home/rock6/ros2_lab4/src/install/action_interface/lib/python3.10/site-packages/action_interface/action_interface_s__rosidl_typesupport_fastrtps_c.cpython-310-x86_64-linux-gnu.so
-- Installing: /home/rock6/ros2_lab4/src/install/action_interface/lib/python3.10/site-packages/action_interface/action_interface_s__rosidl_typesupport_introspection_c.cpython-310-x86_64-linux-gnu.so
-- Installing: /home/rock6/ros2_lab4/src/install/action_interface/lib/python3.10/site-packages/action_interface/_action_interface_s.ep.rosidl_typesupport_c.c
-- Installing: /home/rock6/ros2_lab4/src/install/action_interface/lib/python3.10/site-packages/action_interface/libaction_interface__rosidl_generator_py.so
-- Installing: /home/rock6/ros2_lab4/src/install/action_interface/lib/python3.10/site-packages/action_interface/action
-- Installing: /home/rock6/ros2_lab4/src/install/action_interface/lib/python3.10/site-packages/action_interface/action/_robot_s.c
-- Installing: /home/rock6/ros2_lab4/src/install/action_interface/lib/python3.10/site-packages/action_interface/action/_robot.py
-- Installing: /home/rock6/ros2_lab4/src/install/action_interface/lib/python3.10/site-packages/action_interface/action/__init__.py
-- Installing: /home/rock6/ros2_lab4/src/install/action_interface/lib/python3.10/site-packages/action_interface/_action_interface_s.ep.rosidl_typesupport_introspection_c.c
-- Installing: /home/rock6/ros2_lab4/src/install/action_interface/lib/python3.10/site-packages/action_interface/__init__.py
-- Installing: /home/rock6/ros2_lab4/src/install/action_interface/lib/python3.10/site-packages/action_interface/_action_interface_s.ep.rosidl_typesupport_fastrtps_c.c
Listing '/home/rock6/ros2_lab4/src/install/action_interface/lib/python3.10/site-packages/action_interface'...
Compiling '/home/rock6/ros2_lab4/src/install/action_interface/lib/python3.10/site-packages/action_interface/__init__.py'...
Listing '/home/rock6/ros2_lab4/src/install/action_interface/lib/python3.10/site-packages/action_interface/action'...
Compiling '/home/rock6/ros2_lab4/src/install/action_interface/lib/python3.10/site-packages/action_interface/action/__init__.py'...
Compiling '/home/rock6/ros2_lab4/src/install/action_interface/lib/python3.10/site-packages/action_interface/action/_robot.py'...
-- Installing: /home/rock6/ros2_lab4/src/install/action_interface/lib/python3.10/site-packages/action_interface/action_interface_s__rosidl_typesupport_fastrtps_c.cpython-310-x86_64-linux-gnu.so
-- Set runtime path of "/home/rock6/ros2_lab4/src/install/action_interface/lib/python3.10/site-packages/action_interface/action_interface_s__rosidl_typesupport_fastrtps_c.cpython-310-x86_64-linux-gnu.so" to ""
-- Installing: /home/rock6/ros2_lab4/src/install/action_interface/lib/python3.10/site-packages/action_interface/action_interface_s__rosidl_typesupport_introspection_c.cpython-310-x86_64-linux-gnu.so
-- Set runtime path of "/home/rock6/ros2_lab4/src/install/action_interface/lib/python3.10/site-packages/action_interface/action_interface_s__rosidl_typesupport_introspection_c.cpython-310-x86_64-linux-gnu.so" to ""
-- Installing: /home/rock6/ros2_lab4/src/install/action_interface/lib/python3.10/site-packages/action_interface/action_interface_s__rosidl_typesupport_c.cpython-310-x86_64-linux-gnu.so
-- Set runtime path of "/home/rock6/ros2_lab4/src/install/action_interface/lib/python3.10/site-packages/action_interface/action_interface_s__rosidl_typesupport_c.cpython-310-x86_64-linux-gnu.so" to ""
-- Installing: /home/rock6/ros2_lab4/src/install/action_interface/lib/libaction_interface__rosidl_generator_py.so
-- Set runtime path of "/home/rock6/ros2_lab4/src/install/action_interface/lib/libaction_interface__rosidl_generator_py.so" to ""
-- Installing: /home/rock6/ros2_lab4/src/install/action_interface/share/action_interface/action/Robot.idl
-- Installing: /home/rock6/ros2_lab4/src/install/action_interface/share/action_interface/action/Robot.action
-- Installing: /home/rock6/ros2_lab4/src/install/action_interface/share/ament_index/resource_index/package_run_dependencies/action_interface
-- Installing: /home/rock6/ros2_lab4/src/install/action_interface/share/ament_index/resource_index/parent_prefix_path/action_interface
-- Installing: /home/rock6/ros2_lab4/src/install/action_interface/share/action_interface/environment/ament_prefix_path.sh
-- Installing: /home/rock6/ros2_lab4/src/install/action_interface/share/action_interface/environment/ament_prefix_path.dsv
-- Installing: /home/rock6/ros2_lab4/src/install/action_interface/share/action_interface/environment/path.sh
-- Installing: /home/rock6/ros2_lab4/src/install/action_interface/share/action_interface/environment/path.dsv
-- Installing: /home/rock6/ros2_lab4/src/install/action_interface/share/action_interface/local_setup.bash
-- Installing: /home/rock6/ros2_lab4/src/install/action_interface/share/action_interface/local_setup.sh
-- Installing: /home/rock6/ros2_lab4/src/install/action_interface/share/action_interface/local_setup.zsh
-- Installing: /home/rock6/ros2_lab4/src/install/action_interface/share/action_interface/local_setup.dsv
-- Installing: /home/rock6/ros2_lab4/src/install/action_interface/share/action_interface/package.dsv
-- Installing: /home/rock6/ros2_lab4/src/install/action_interface/share/ament_index/resource_index/packages/action_interface
-- Installing: /home/rock6/ros2_lab4/src/install/action_interface/share/action_interface/cmake/export_action_interface__rosidl_generator_cExport.cmake
-- Installing: /home/rock6/ros2_lab4/src/install/action_interface/share/action_interface/cmake/export_action_interface__rosidl_generator_cExport-noconfig.cmake
-- Installing: /home/rock6/ros2_lab4/src/install/action_interface/share/action_interface/cmake/export_action_interface__rosidl_typesupport_fastrtps_cExport.cmake
-- Installing: /home/rock6/ros2_lab4/src/install/action_interface/share/action_interface/cmake/export_action_interface__rosidl_typesupport_fastrtps_cExport-noconfig.cmake
-- Installing: /home/rock6/ros2_lab4/src/install/action_interface/share/action_interface/cmake/action_interface__rosidl_typesupport_introspection_cExport.cmake
-- Installing: /home/rock6/ros2_lab4/src/install/action_interface/share/action_interface/cmake/action_interface__rosidl_typesupport_introspection_cExport-noconfig.cmake
-- Installing: /home/rock6/ros2_lab4/src/install/action_interface/share/action_interface/cmake/action_interface__rosidl_typesupport_cExport.cmake
-- Installing: /home/rock6/ros2_lab4/src/install/action_interface/share/action_interface/cmake/action_interface__rosidl_typesupport_cExport-noconfig.cmake
-- Installing: /home/rock6/ros2_lab4/src/install/action_interface/share/action_interface/cmake/export_action_interface__rosidl_generator_cppExport.cmake
-- Installing: /home/rock6/ros2_lab4/src/install/action_interface/share/action_interface/cmake/export_action_interface__rosidl_typesupport_fastrtps_cppExport.cmake
-- Installing: /home/rock6/ros2_lab4/src/install/action_interface/share/action_interface/cmake/export_action_interface__rosidl_typesupport_fastrtps_cppExport-noconfig.cmake
-- Installing: /home/rock6/ros2_lab4/src/install/action_interface/share/action_interface/cmake/action_interface__rosidl_typesupport_introspection_cppExport.cmake
-- Installing: /home/rock6/ros2_lab4/src/install/action_interface/share/action_interface/cmake/action_interface__rosidl_typesupport_introspection_cppExport-noconfig.cmake
-- Installing: /home/rock6/ros2_lab4/src/install/action_interface/share/action_interface/cmake/action_interface__rosidl_typesupport_cppExport.cmake
-- Installing: /home/rock6/ros2_lab4/src/install/action_interface/share/action_interface/cmake/action_interface__rosidl_typesupport_cppExport-noconfig.cmake
-- Installing: /home/rock6/ros2_lab4/src/install/action_interface/share/action_interface/cmake/export_action_interface__rosidl_generator_pyExport.cmake
-- Installing: /home/rock6/ros2_lab4/src/install/action_interface/share/action_interface/cmake/export_action_interface__rosidl_generator_pyExport-noconfig.cmake
-- Installing: /home/rock6/ros2_lab4/src/install/action_interface/share/action_interface/cmake/rosidl_cmake-extras.cmake
-- Installing: /home/rock6/ros2_lab4/src/install/action_interface/share/action_interface/cmake/ament_cmake_export_dependencies-extras.cmake
-- Installing: /home/rock6/ros2_lab4/src/install/action_interface/share/action_interface/cmake/ament_cmake_export_include_directories-extras.cmake
-- Installing: /home/rock6/ros2_lab4/src/install/action_interface/share/action_interface/cmake/ament_cmake_export_libraries-extras.cmake
-- Installing: /home/rock6/ros2_lab4/src/install/action_interface/share/action_interface/cmake/ament_cmake_export_targets-extras.cmake
-- Installing: /home/rock6/ros2_lab4/src/install/action_interface/share/action_interface/cmake/rosidl_cmake_export_typesupport_targets-extras.cmake
-- Installing: /home/rock6/ros2_lab4/src/install/action_interface/share/action_interface/cmake/rosidl_cmake_export_typesupport_libraries-extras.cmake
-- Installing: /home/rock6/ros2_lab4/src/install/action_interface/share/action_interface/cmake/action_interfaceConfig.cmake
-- Installing: /home/rock6/ros2_lab4/src/install/action_interface/share/action_interface/cmake/action_interfaceConfig-version.cmake
-- Installing: /home/rock6/ros2_lab4/src/install/action_interface/share/action_interface/package.xml
