[0.158s] Invoking command in '/home/rock6/ros2_lab4/src/build/action_interface': CMAKE_PREFIX_PATH=${CMAKE_PREFIX_PATH}:/home/rock6/ros2_lab4/install/robot_control:/home/rock6/ros2_lab4/install/robot_camera:/home/rock6/ros2_lab4/install/navigation:/opt/ros/iron /usr/bin/cmake /home/rock6/ros2_lab4/src/action_interface -DCMAKE_INSTALL_PREFIX=/home/rock6/ros2_lab4/src/install/action_interface
[3.444s] -- The C compiler identification is GNU 11.4.0
[3.446s] -- The CXX compiler identification is GNU 11.4.0
[3.449s] -- Detecting C compiler ABI info
[3.449s] -- Detecting C compiler ABI info - done
[3.451s] -- Check for working C compiler: /usr/bin/cc - skipped
[3.452s] -- Detecting C compile features
[3.453s] -- Detecting C compile features - done
[3.455s] -- Detecting CXX compiler ABI info
[3.456s] -- Detecting CXX compiler ABI info - done
[3.456s] -- Check for working CXX compiler: /usr/bin/c++ - skipped
[3.457s] -- Detecting CXX compile features
[3.457s] -- Detecting CXX compile features - done
[3.458s] -- Found ament_cmake: 2.0.7 (/opt/ros/iron/share/ament_cmake/cmake)
[3.458s] -- Found Python3: /usr/bin/python3.10 (found version "3.10.12") found components: Interpreter 
[4.068s] -- Found rosidl_default_generators: 1.5.0 (/opt/ros/iron/share/rosidl_default_generators/cmake)
[4.105s] -- Using all available rosidl_typesupport_c: rosidl_typesupport_fastrtps_c;rosidl_typesupport_introspection_c
[4.425s] -- Using all available rosidl_typesupport_cpp: rosidl_typesupport_fastrtps_cpp;rosidl_typesupport_introspection_cpp
[4.716s] -- Found rosidl_adapter: 4.0.1 (/opt/ros/iron/share/rosidl_adapter/cmake)
[8.598s] -- Found ament_cmake_ros: 0.11.2 (/opt/ros/iron/share/ament_cmake_ros/cmake)
[10.061s] -- Using all available rosidl_typesupport_c: rosidl_typesupport_fastrtps_c;rosidl_typesupport_introspection_c
[11.664s] -- Using all available rosidl_typesupport_cpp: rosidl_typesupport_fastrtps_cpp;rosidl_typesupport_introspection_cpp
[11.816s] -- Found PythonInterp: /usr/bin/python3 (found suitable version "3.10.12", minimum required is "3.6") 
[11.876s] -- Found python_cmake_module: 0.10.2 (/opt/ros/iron/share/python_cmake_module/cmake)
[12.109s] -- Found PythonLibs: /usr/lib/x86_64-linux-gnu/libpython3.10.so (found suitable version "3.10.12", minimum required is "3.5") 
[12.111s] -- Using PYTHON_EXECUTABLE: /usr/bin/python3
[12.113s] -- Using PYTHON_INCLUDE_DIRS: /usr/include/python3.10
[12.115s] -- Using PYTHON_LIBRARIES: /usr/lib/x86_64-linux-gnu/libpython3.10.so
[12.243s] -- Found PythonExtra: .so  
[12.627s] -- Found ament_lint_auto: 0.14.4 (/opt/ros/iron/share/ament_lint_auto/cmake)
[12.768s] -- Added test 'lint_cmake' to check CMake code style
[12.778s] -- Added test 'xmllint' to check XML markup files
[12.795s] -- Configuring done
[12.995s] -- Generating done
[13.061s] -- Build files have been written to: /home/rock6/ros2_lab4/src/build/action_interface
[13.114s] Invoked command in '/home/rock6/ros2_lab4/src/build/action_interface' returned '0': CMAKE_PREFIX_PATH=${CMAKE_PREFIX_PATH}:/home/rock6/ros2_lab4/install/robot_control:/home/rock6/ros2_lab4/install/robot_camera:/home/rock6/ros2_lab4/install/navigation:/opt/ros/iron /usr/bin/cmake /home/rock6/ros2_lab4/src/action_interface -DCMAKE_INSTALL_PREFIX=/home/rock6/ros2_lab4/src/install/action_interface
[13.137s] Invoking command in '/home/rock6/ros2_lab4/src/build/action_interface': CMAKE_PREFIX_PATH=${CMAKE_PREFIX_PATH}:/home/rock6/ros2_lab4/install/robot_control:/home/rock6/ros2_lab4/install/robot_camera:/home/rock6/ros2_lab4/install/navigation:/opt/ros/iron /usr/bin/cmake --build /home/rock6/ros2_lab4/src/build/action_interface -- -j4 -l4
[13.404s] [  2%] [34m[1mGenerating type hashes for ROS interfaces[0m
[13.444s] [  2%] Built target ament_cmake_python_copy_action_interface
[14.857s] [  2%] Built target action_interface__rosidl_generator_type_description
[14.918s] [  5%] [34m[1mGenerating C code for ROS interfaces[0m
[14.921s] running egg_info
[14.931s] creating action_interface.egg-info
[14.933s] writing action_interface.egg-info/PKG-INFO
[14.934s] writing dependency_links to action_interface.egg-info/dependency_links.txt
[14.935s] writing top-level names to action_interface.egg-info/top_level.txt
[14.936s] writing manifest file 'action_interface.egg-info/SOURCES.txt'
[14.947s] reading manifest file 'action_interface.egg-info/SOURCES.txt'
[14.950s] writing manifest file 'action_interface.egg-info/SOURCES.txt'
[14.996s] [  8%] [34m[1mGenerating C++ code for ROS interfaces[0m
[15.121s] [  8%] Built target ament_cmake_python_build_action_interface_egg
[18.012s] [  8%] Built target action_interface__cpp
[18.388s] [ 14%] [32mBuilding C object CMakeFiles/action_interface__rosidl_generator_c.dir/rosidl_generator_c/action_interface/action/detail/robot__functions.c.o[0m
[18.389s] [ 14%] [32mBuilding C object CMakeFiles/action_interface__rosidl_generator_c.dir/rosidl_generator_c/action_interface/action/detail/robot__description.c.o[0m
[18.395s] [ 17%] [32mBuilding C object CMakeFiles/action_interface__rosidl_generator_c.dir/rosidl_generator_c/action_interface/action/detail/robot__type_support.c.o[0m
[19.266s] [ 20%] [32m[1mLinking C shared library libaction_interface__rosidl_generator_c.so[0m
[19.526s] [ 20%] Built target action_interface__rosidl_generator_c
[19.585s] [ 23%] [34m[1mGenerating C++ type support dispatch for ROS interfaces[0m
[19.589s] [ 26%] [34m[1mGenerating C type support for eProsima Fast-RTPS[0m
[19.590s] [ 29%] [34m[1mGenerating C type support dispatch for ROS interfaces[0m
[19.602s] [ 32%] [34m[1mGenerating C introspection for ROS interfaces[0m
[21.845s] [ 35%] [32mBuilding CXX object CMakeFiles/action_interface__rosidl_typesupport_c.dir/rosidl_typesupport_c/action_interface/action/robot__type_support.cpp.o[0m
[22.145s] [ 38%] [32mBuilding CXX object CMakeFiles/action_interface__rosidl_typesupport_cpp.dir/rosidl_typesupport_cpp/action_interface/action/robot__type_support.cpp.o[0m
[22.253s] [ 41%] [32m[1mLinking CXX shared library libaction_interface__rosidl_typesupport_c.so[0m
[22.540s] [ 41%] Built target action_interface__rosidl_typesupport_c
[22.549s] [ 44%] [32mBuilding C object CMakeFiles/action_interface__rosidl_typesupport_introspection_c.dir/rosidl_typesupport_introspection_c/action_interface/action/detail/robot__type_support.c.o[0m
[22.603s] [ 47%] [34m[1mGenerating C++ type support for eProsima Fast-RTPS[0m
[22.972s] [ 50%] [32m[1mLinking C shared library libaction_interface__rosidl_typesupport_introspection_c.so[0m
[23.078s] [ 52%] [32mBuilding CXX object CMakeFiles/action_interface__rosidl_typesupport_fastrtps_c.dir/rosidl_typesupport_fastrtps_c/action_interface/action/detail/robot__type_support_c.cpp.o[0m
[23.159s] [ 52%] Built target action_interface__rosidl_typesupport_introspection_c
[23.220s] [ 55%] [34m[1mGenerating C++ introspection for ROS interfaces[0m
[26.014s] [ 58%] [32m[1mLinking CXX shared library libaction_interface__rosidl_typesupport_fastrtps_c.so[0m
[26.150s] [ 61%] [32mBuilding CXX object CMakeFiles/action_interface__rosidl_typesupport_introspection_cpp.dir/rosidl_typesupport_introspection_cpp/action_interface/action/detail/robot__type_support.cpp.o[0m
[26.446s] [ 64%] [32mBuilding CXX object CMakeFiles/action_interface__rosidl_typesupport_fastrtps_cpp.dir/rosidl_typesupport_fastrtps_cpp/action_interface/action/detail/dds_fastrtps/robot__type_support.cpp.o[0m
[26.575s] [ 64%] Built target action_interface__rosidl_typesupport_fastrtps_c
[28.034s] [ 67%] [32m[1mLinking CXX shared library libaction_interface__rosidl_typesupport_cpp.so[0m
[28.600s] [ 67%] Built target action_interface__rosidl_typesupport_cpp
[31.445s] [ 70%] [32m[1mLinking CXX shared library libaction_interface__rosidl_typesupport_introspection_cpp.so[0m
[31.916s] [ 70%] Built target action_interface__rosidl_typesupport_introspection_cpp
[32.457s] [ 73%] [32m[1mLinking CXX shared library libaction_interface__rosidl_typesupport_fastrtps_cpp.so[0m
[32.946s] [ 73%] Built target action_interface__rosidl_typesupport_fastrtps_cpp
[33.059s] [ 73%] Built target action_interface
[33.167s] [ 76%] [34m[1mGenerating Python code for ROS interfaces[0m
[38.394s] [ 76%] Built target action_interface__py
[38.508s] [ 79%] [32mBuilding C object CMakeFiles/action_interface__rosidl_generator_py.dir/rosidl_generator_py/action_interface/action/_robot_s.c.o[0m
[39.649s] [ 82%] [32m[1mLinking C shared library rosidl_generator_py/action_interface/libaction_interface__rosidl_generator_py.so[0m
[39.902s] [ 82%] Built target action_interface__rosidl_generator_py
[40.024s] [ 85%] [32mBuilding C object CMakeFiles/action_interface__rosidl_typesupport_fastrtps_c__pyext.dir/rosidl_generator_py/action_interface/_action_interface_s.ep.rosidl_typesupport_fastrtps_c.c.o[0m
[40.026s] [ 88%] [32mBuilding C object CMakeFiles/action_interface__rosidl_typesupport_introspection_c__pyext.dir/rosidl_generator_py/action_interface/_action_interface_s.ep.rosidl_typesupport_introspection_c.c.o[0m
[40.027s] [ 91%] [32mBuilding C object CMakeFiles/action_interface__rosidl_typesupport_c__pyext.dir/rosidl_generator_py/action_interface/_action_interface_s.ep.rosidl_typesupport_c.c.o[0m
[40.886s] [ 94%] [32m[1mLinking C shared library rosidl_generator_py/action_interface/action_interface_s__rosidl_typesupport_c.cpython-310-x86_64-linux-gnu.so[0m
[40.893s] [ 97%] [32m[1mLinking C shared library rosidl_generator_py/action_interface/action_interface_s__rosidl_typesupport_introspection_c.cpython-310-x86_64-linux-gnu.so[0m
[40.899s] [100%] [32m[1mLinking C shared library rosidl_generator_py/action_interface/action_interface_s__rosidl_typesupport_fastrtps_c.cpython-310-x86_64-linux-gnu.so[0m
[41.197s] [100%] Built target action_interface__rosidl_typesupport_c__pyext
[41.201s] [100%] Built target action_interface__rosidl_typesupport_fastrtps_c__pyext
[41.209s] [100%] Built target action_interface__rosidl_typesupport_introspection_c__pyext
[41.271s] Invoked command in '/home/rock6/ros2_lab4/src/build/action_interface' returned '0': CMAKE_PREFIX_PATH=${CMAKE_PREFIX_PATH}:/home/rock6/ros2_lab4/install/robot_control:/home/rock6/ros2_lab4/install/robot_camera:/home/rock6/ros2_lab4/install/navigation:/opt/ros/iron /usr/bin/cmake --build /home/rock6/ros2_lab4/src/build/action_interface -- -j4 -l4
[41.329s] Invoking command in '/home/rock6/ros2_lab4/src/build/action_interface': CMAKE_PREFIX_PATH=${CMAKE_PREFIX_PATH}:/home/rock6/ros2_lab4/install/robot_control:/home/rock6/ros2_lab4/install/robot_camera:/home/rock6/ros2_lab4/install/navigation:/opt/ros/iron /usr/bin/cmake --install /home/rock6/ros2_lab4/src/build/action_interface
[41.374s] -- Install configuration: ""
[41.375s] -- Installing: /home/rock6/ros2_lab4/src/install/action_interface/share/ament_index/resource_index/rosidl_interfaces/action_interface
[41.376s] -- Installing: /home/rock6/ros2_lab4/src/install/action_interface/share/action_interface/action/Robot.json
[41.378s] -- Installing: /home/rock6/ros2_lab4/src/install/action_interface/include/action_interface/action_interface
[41.378s] -- Installing: /home/rock6/ros2_lab4/src/install/action_interface/include/action_interface/action_interface/msg
[41.379s] -- Installing: /home/rock6/ros2_lab4/src/install/action_interface/include/action_interface/action_interface/msg/rosidl_generator_c__visibility_control.h
[41.381s] -- Installing: /home/rock6/ros2_lab4/src/install/action_interface/include/action_interface/action_interface/action
[41.381s] -- Installing: /home/rock6/ros2_lab4/src/install/action_interface/include/action_interface/action_interface/action/robot.h
[41.382s] -- Installing: /home/rock6/ros2_lab4/src/install/action_interface/include/action_interface/action_interface/action/detail
[41.382s] -- Installing: /home/rock6/ros2_lab4/src/install/action_interface/include/action_interface/action_interface/action/detail/robot__functions.h
[41.383s] -- Installing: /home/rock6/ros2_lab4/src/install/action_interface/include/action_interface/action_interface/action/detail/robot__struct.h
[41.383s] -- Installing: /home/rock6/ros2_lab4/src/install/action_interface/include/action_interface/action_interface/action/detail/robot__description.c
[41.384s] -- Installing: /home/rock6/ros2_lab4/src/install/action_interface/include/action_interface/action_interface/action/detail/robot__functions.c
[41.386s] -- Installing: /home/rock6/ros2_lab4/src/install/action_interface/include/action_interface/action_interface/action/detail/robot__type_support.h
[41.389s] -- Installing: /home/rock6/ros2_lab4/src/install/action_interface/include/action_interface/action_interface/action/detail/robot__type_support.c
[41.390s] -- Installing: /home/rock6/ros2_lab4/src/install/action_interface/share/action_interface/environment/library_path.sh
[41.393s] -- Installing: /home/rock6/ros2_lab4/src/install/action_interface/share/action_interface/environment/library_path.dsv
[41.395s] -- Installing: /home/rock6/ros2_lab4/src/install/action_interface/lib/libaction_interface__rosidl_generator_c.so
[41.397s] -- Set runtime path of "/home/rock6/ros2_lab4/src/install/action_interface/lib/libaction_interface__rosidl_generator_c.so" to ""
[41.399s] -- Up-to-date: /home/rock6/ros2_lab4/src/install/action_interface/include/action_interface/action_interface
[41.402s] -- Up-to-date: /home/rock6/ros2_lab4/src/install/action_interface/include/action_interface/action_interface/msg
[41.403s] -- Installing: /home/rock6/ros2_lab4/src/install/action_interface/include/action_interface/action_interface/msg/rosidl_typesupport_fastrtps_c__visibility_control.h
[41.405s] -- Up-to-date: /home/rock6/ros2_lab4/src/install/action_interface/include/action_interface/action_interface/action
[41.406s] -- Up-to-date: /home/rock6/ros2_lab4/src/install/action_interface/include/action_interface/action_interface/action/detail
[41.408s] -- Installing: /home/rock6/ros2_lab4/src/install/action_interface/include/action_interface/action_interface/action/detail/robot__rosidl_typesupport_fastrtps_c.h
[41.410s] -- Installing: /home/rock6/ros2_lab4/src/install/action_interface/lib/libaction_interface__rosidl_typesupport_fastrtps_c.so
[41.411s] -- Set runtime path of "/home/rock6/ros2_lab4/src/install/action_interface/lib/libaction_interface__rosidl_typesupport_fastrtps_c.so" to ""
[41.414s] -- Up-to-date: /home/rock6/ros2_lab4/src/install/action_interface/include/action_interface/action_interface
[41.415s] -- Up-to-date: /home/rock6/ros2_lab4/src/install/action_interface/include/action_interface/action_interface/msg
[41.417s] -- Installing: /home/rock6/ros2_lab4/src/install/action_interface/include/action_interface/action_interface/msg/rosidl_typesupport_introspection_c__visibility_control.h
[41.418s] -- Up-to-date: /home/rock6/ros2_lab4/src/install/action_interface/include/action_interface/action_interface/action
[41.421s] -- Up-to-date: /home/rock6/ros2_lab4/src/install/action_interface/include/action_interface/action_interface/action/detail
[41.422s] -- Installing: /home/rock6/ros2_lab4/src/install/action_interface/include/action_interface/action_interface/action/detail/robot__rosidl_typesupport_introspection_c.h
[41.424s] -- Installing: /home/rock6/ros2_lab4/src/install/action_interface/include/action_interface/action_interface/action/detail/robot__type_support.c
[41.426s] -- Installing: /home/rock6/ros2_lab4/src/install/action_interface/lib/libaction_interface__rosidl_typesupport_introspection_c.so
[41.428s] -- Set runtime path of "/home/rock6/ros2_lab4/src/install/action_interface/lib/libaction_interface__rosidl_typesupport_introspection_c.so" to ""
[41.430s] -- Installing: /home/rock6/ros2_lab4/src/install/action_interface/lib/libaction_interface__rosidl_typesupport_c.so
[41.431s] -- Set runtime path of "/home/rock6/ros2_lab4/src/install/action_interface/lib/libaction_interface__rosidl_typesupport_c.so" to ""
[41.432s] -- Up-to-date: /home/rock6/ros2_lab4/src/install/action_interface/include/action_interface/action_interface
[41.435s] -- Up-to-date: /home/rock6/ros2_lab4/src/install/action_interface/include/action_interface/action_interface/action
[41.437s] -- Up-to-date: /home/rock6/ros2_lab4/src/install/action_interface/include/action_interface/action_interface/action/detail
[41.439s] -- Installing: /home/rock6/ros2_lab4/src/install/action_interface/include/action_interface/action_interface/action/detail/robot__struct.hpp
[41.441s] -- Installing: /home/rock6/ros2_lab4/src/install/action_interface/include/action_interface/action_interface/action/detail/robot__builder.hpp
[41.443s] -- Installing: /home/rock6/ros2_lab4/src/install/action_interface/include/action_interface/action_interface/action/detail/robot__traits.hpp
[41.444s] -- Installing: /home/rock6/ros2_lab4/src/install/action_interface/include/action_interface/action_interface/action/robot.hpp
[41.446s] -- Up-to-date: /home/rock6/ros2_lab4/src/install/action_interface/include/action_interface/action_interface
[41.448s] -- Up-to-date: /home/rock6/ros2_lab4/src/install/action_interface/include/action_interface/action_interface/msg
[41.449s] -- Installing: /home/rock6/ros2_lab4/src/install/action_interface/include/action_interface/action_interface/msg/rosidl_typesupport_fastrtps_cpp__visibility_control.h
[41.451s] -- Up-to-date: /home/rock6/ros2_lab4/src/install/action_interface/include/action_interface/action_interface/action
[41.452s] -- Up-to-date: /home/rock6/ros2_lab4/src/install/action_interface/include/action_interface/action_interface/action/detail
[41.453s] -- Installing: /home/rock6/ros2_lab4/src/install/action_interface/include/action_interface/action_interface/action/detail/robot__rosidl_typesupport_fastrtps_cpp.hpp
[41.454s] -- Installing: /home/rock6/ros2_lab4/src/install/action_interface/include/action_interface/action_interface/action/detail/dds_fastrtps
[41.455s] -- Installing: /home/rock6/ros2_lab4/src/install/action_interface/lib/libaction_interface__rosidl_typesupport_fastrtps_cpp.so
[41.456s] -- Set runtime path of "/home/rock6/ros2_lab4/src/install/action_interface/lib/libaction_interface__rosidl_typesupport_fastrtps_cpp.so" to ""
[41.457s] -- Up-to-date: /home/rock6/ros2_lab4/src/install/action_interface/include/action_interface/action_interface
[41.459s] -- Up-to-date: /home/rock6/ros2_lab4/src/install/action_interface/include/action_interface/action_interface/action
[41.460s] -- Up-to-date: /home/rock6/ros2_lab4/src/install/action_interface/include/action_interface/action_interface/action/detail
[41.461s] -- Installing: /home/rock6/ros2_lab4/src/install/action_interface/include/action_interface/action_interface/action/detail/robot__type_support.cpp
[41.462s] -- Installing: /home/rock6/ros2_lab4/src/install/action_interface/include/action_interface/action_interface/action/detail/robot__rosidl_typesupport_introspection_cpp.hpp
[41.463s] -- Installing: /home/rock6/ros2_lab4/src/install/action_interface/lib/libaction_interface__rosidl_typesupport_introspection_cpp.so
[41.464s] -- Set runtime path of "/home/rock6/ros2_lab4/src/install/action_interface/lib/libaction_interface__rosidl_typesupport_introspection_cpp.so" to ""
[41.465s] -- Installing: /home/rock6/ros2_lab4/src/install/action_interface/lib/libaction_interface__rosidl_typesupport_cpp.so
[41.466s] -- Set runtime path of "/home/rock6/ros2_lab4/src/install/action_interface/lib/libaction_interface__rosidl_typesupport_cpp.so" to ""
[41.467s] -- Installing: /home/rock6/ros2_lab4/src/install/action_interface/share/action_interface/environment/pythonpath.sh
[41.468s] -- Installing: /home/rock6/ros2_lab4/src/install/action_interface/share/action_interface/environment/pythonpath.dsv
[41.469s] -- Installing: /home/rock6/ros2_lab4/src/install/action_interface/lib/python3.10/site-packages/action_interface-0.0.0-py3.10.egg-info
[41.470s] -- Installing: /home/rock6/ros2_lab4/src/install/action_interface/lib/python3.10/site-packages/action_interface-0.0.0-py3.10.egg-info/SOURCES.txt
[41.470s] -- Installing: /home/rock6/ros2_lab4/src/install/action_interface/lib/python3.10/site-packages/action_interface-0.0.0-py3.10.egg-info/dependency_links.txt
[41.471s] -- Installing: /home/rock6/ros2_lab4/src/install/action_interface/lib/python3.10/site-packages/action_interface-0.0.0-py3.10.egg-info/PKG-INFO
[41.472s] -- Installing: /home/rock6/ros2_lab4/src/install/action_interface/lib/python3.10/site-packages/action_interface-0.0.0-py3.10.egg-info/top_level.txt
[41.473s] -- Installing: /home/rock6/ros2_lab4/src/install/action_interface/lib/python3.10/site-packages/action_interface
[41.474s] -- Installing: /home/rock6/ros2_lab4/src/install/action_interface/lib/python3.10/site-packages/action_interface/action_interface_s__rosidl_typesupport_c.cpython-310-x86_64-linux-gnu.so
[41.475s] -- Installing: /home/rock6/ros2_lab4/src/install/action_interface/lib/python3.10/site-packages/action_interface/action_interface_s__rosidl_typesupport_fastrtps_c.cpython-310-x86_64-linux-gnu.so
[41.475s] -- Installing: /home/rock6/ros2_lab4/src/install/action_interface/lib/python3.10/site-packages/action_interface/action_interface_s__rosidl_typesupport_introspection_c.cpython-310-x86_64-linux-gnu.so
[41.476s] -- Installing: /home/rock6/ros2_lab4/src/install/action_interface/lib/python3.10/site-packages/action_interface/_action_interface_s.ep.rosidl_typesupport_c.c
[41.477s] -- Installing: /home/rock6/ros2_lab4/src/install/action_interface/lib/python3.10/site-packages/action_interface/libaction_interface__rosidl_generator_py.so
[41.478s] -- Installing: /home/rock6/ros2_lab4/src/install/action_interface/lib/python3.10/site-packages/action_interface/action
[41.479s] -- Installing: /home/rock6/ros2_lab4/src/install/action_interface/lib/python3.10/site-packages/action_interface/action/_robot_s.c
[41.479s] -- Installing: /home/rock6/ros2_lab4/src/install/action_interface/lib/python3.10/site-packages/action_interface/action/_robot.py
[41.480s] -- Installing: /home/rock6/ros2_lab4/src/install/action_interface/lib/python3.10/site-packages/action_interface/action/__init__.py
[41.481s] -- Installing: /home/rock6/ros2_lab4/src/install/action_interface/lib/python3.10/site-packages/action_interface/_action_interface_s.ep.rosidl_typesupport_introspection_c.c
[41.482s] -- Installing: /home/rock6/ros2_lab4/src/install/action_interface/lib/python3.10/site-packages/action_interface/__init__.py
[41.483s] -- Installing: /home/rock6/ros2_lab4/src/install/action_interface/lib/python3.10/site-packages/action_interface/_action_interface_s.ep.rosidl_typesupport_fastrtps_c.c
[41.686s] Listing '/home/rock6/ros2_lab4/src/install/action_interface/lib/python3.10/site-packages/action_interface'...
[41.687s] Compiling '/home/rock6/ros2_lab4/src/install/action_interface/lib/python3.10/site-packages/action_interface/__init__.py'...
[41.688s] Listing '/home/rock6/ros2_lab4/src/install/action_interface/lib/python3.10/site-packages/action_interface/action'...
[41.689s] Compiling '/home/rock6/ros2_lab4/src/install/action_interface/lib/python3.10/site-packages/action_interface/action/__init__.py'...
[41.690s] Compiling '/home/rock6/ros2_lab4/src/install/action_interface/lib/python3.10/site-packages/action_interface/action/_robot.py'...
[41.715s] -- Installing: /home/rock6/ros2_lab4/src/install/action_interface/lib/python3.10/site-packages/action_interface/action_interface_s__rosidl_typesupport_fastrtps_c.cpython-310-x86_64-linux-gnu.so
[41.717s] -- Set runtime path of "/home/rock6/ros2_lab4/src/install/action_interface/lib/python3.10/site-packages/action_interface/action_interface_s__rosidl_typesupport_fastrtps_c.cpython-310-x86_64-linux-gnu.so" to ""
[41.719s] -- Installing: /home/rock6/ros2_lab4/src/install/action_interface/lib/python3.10/site-packages/action_interface/action_interface_s__rosidl_typesupport_introspection_c.cpython-310-x86_64-linux-gnu.so
[41.722s] -- Set runtime path of "/home/rock6/ros2_lab4/src/install/action_interface/lib/python3.10/site-packages/action_interface/action_interface_s__rosidl_typesupport_introspection_c.cpython-310-x86_64-linux-gnu.so" to ""
[41.725s] -- Installing: /home/rock6/ros2_lab4/src/install/action_interface/lib/python3.10/site-packages/action_interface/action_interface_s__rosidl_typesupport_c.cpython-310-x86_64-linux-gnu.so
[41.726s] -- Set runtime path of "/home/rock6/ros2_lab4/src/install/action_interface/lib/python3.10/site-packages/action_interface/action_interface_s__rosidl_typesupport_c.cpython-310-x86_64-linux-gnu.so" to ""
[41.729s] -- Installing: /home/rock6/ros2_lab4/src/install/action_interface/lib/libaction_interface__rosidl_generator_py.so
[41.731s] -- Set runtime path of "/home/rock6/ros2_lab4/src/install/action_interface/lib/libaction_interface__rosidl_generator_py.so" to ""
[41.733s] -- Installing: /home/rock6/ros2_lab4/src/install/action_interface/share/action_interface/action/Robot.idl
[41.735s] -- Installing: /home/rock6/ros2_lab4/src/install/action_interface/share/action_interface/action/Robot.action
[41.737s] -- Installing: /home/rock6/ros2_lab4/src/install/action_interface/share/ament_index/resource_index/package_run_dependencies/action_interface
[41.739s] -- Installing: /home/rock6/ros2_lab4/src/install/action_interface/share/ament_index/resource_index/parent_prefix_path/action_interface
[41.741s] -- Installing: /home/rock6/ros2_lab4/src/install/action_interface/share/action_interface/environment/ament_prefix_path.sh
[41.744s] -- Installing: /home/rock6/ros2_lab4/src/install/action_interface/share/action_interface/environment/ament_prefix_path.dsv
[41.745s] -- Installing: /home/rock6/ros2_lab4/src/install/action_interface/share/action_interface/environment/path.sh
[41.748s] -- Installing: /home/rock6/ros2_lab4/src/install/action_interface/share/action_interface/environment/path.dsv
[41.750s] -- Installing: /home/rock6/ros2_lab4/src/install/action_interface/share/action_interface/local_setup.bash
[41.752s] -- Installing: /home/rock6/ros2_lab4/src/install/action_interface/share/action_interface/local_setup.sh
[41.755s] -- Installing: /home/rock6/ros2_lab4/src/install/action_interface/share/action_interface/local_setup.zsh
[41.757s] -- Installing: /home/rock6/ros2_lab4/src/install/action_interface/share/action_interface/local_setup.dsv
[41.759s] -- Installing: /home/rock6/ros2_lab4/src/install/action_interface/share/action_interface/package.dsv
[41.761s] -- Installing: /home/rock6/ros2_lab4/src/install/action_interface/share/ament_index/resource_index/packages/action_interface
[41.763s] -- Installing: /home/rock6/ros2_lab4/src/install/action_interface/share/action_interface/cmake/export_action_interface__rosidl_generator_cExport.cmake
[41.765s] -- Installing: /home/rock6/ros2_lab4/src/install/action_interface/share/action_interface/cmake/export_action_interface__rosidl_generator_cExport-noconfig.cmake
[41.766s] -- Installing: /home/rock6/ros2_lab4/src/install/action_interface/share/action_interface/cmake/export_action_interface__rosidl_typesupport_fastrtps_cExport.cmake
[41.768s] -- Installing: /home/rock6/ros2_lab4/src/install/action_interface/share/action_interface/cmake/export_action_interface__rosidl_typesupport_fastrtps_cExport-noconfig.cmake
[41.770s] -- Installing: /home/rock6/ros2_lab4/src/install/action_interface/share/action_interface/cmake/action_interface__rosidl_typesupport_introspection_cExport.cmake
[41.772s] -- Installing: /home/rock6/ros2_lab4/src/install/action_interface/share/action_interface/cmake/action_interface__rosidl_typesupport_introspection_cExport-noconfig.cmake
[41.773s] -- Installing: /home/rock6/ros2_lab4/src/install/action_interface/share/action_interface/cmake/action_interface__rosidl_typesupport_cExport.cmake
[41.776s] -- Installing: /home/rock6/ros2_lab4/src/install/action_interface/share/action_interface/cmake/action_interface__rosidl_typesupport_cExport-noconfig.cmake
[41.778s] -- Installing: /home/rock6/ros2_lab4/src/install/action_interface/share/action_interface/cmake/export_action_interface__rosidl_generator_cppExport.cmake
[41.782s] -- Installing: /home/rock6/ros2_lab4/src/install/action_interface/share/action_interface/cmake/export_action_interface__rosidl_typesupport_fastrtps_cppExport.cmake
[41.785s] -- Installing: /home/rock6/ros2_lab4/src/install/action_interface/share/action_interface/cmake/export_action_interface__rosidl_typesupport_fastrtps_cppExport-noconfig.cmake
[41.786s] -- Installing: /home/rock6/ros2_lab4/src/install/action_interface/share/action_interface/cmake/action_interface__rosidl_typesupport_introspection_cppExport.cmake
[41.788s] -- Installing: /home/rock6/ros2_lab4/src/install/action_interface/share/action_interface/cmake/action_interface__rosidl_typesupport_introspection_cppExport-noconfig.cmake
[41.789s] -- Installing: /home/rock6/ros2_lab4/src/install/action_interface/share/action_interface/cmake/action_interface__rosidl_typesupport_cppExport.cmake
[41.791s] -- Installing: /home/rock6/ros2_lab4/src/install/action_interface/share/action_interface/cmake/action_interface__rosidl_typesupport_cppExport-noconfig.cmake
[41.796s] -- Installing: /home/rock6/ros2_lab4/src/install/action_interface/share/action_interface/cmake/export_action_interface__rosidl_generator_pyExport.cmake
[41.797s] -- Installing: /home/rock6/ros2_lab4/src/install/action_interface/share/action_interface/cmake/export_action_interface__rosidl_generator_pyExport-noconfig.cmake
[41.798s] -- Installing: /home/rock6/ros2_lab4/src/install/action_interface/share/action_interface/cmake/rosidl_cmake-extras.cmake
[41.804s] -- Installing: /home/rock6/ros2_lab4/src/install/action_interface/share/action_interface/cmake/ament_cmake_export_dependencies-extras.cmake
[41.810s] -- Installing: /home/rock6/ros2_lab4/src/install/action_interface/share/action_interface/cmake/ament_cmake_export_include_directories-extras.cmake
[41.813s] -- Installing: /home/rock6/ros2_lab4/src/install/action_interface/share/action_interface/cmake/ament_cmake_export_libraries-extras.cmake
[41.814s] -- Installing: /home/rock6/ros2_lab4/src/install/action_interface/share/action_interface/cmake/ament_cmake_export_targets-extras.cmake
[41.815s] -- Installing: /home/rock6/ros2_lab4/src/install/action_interface/share/action_interface/cmake/rosidl_cmake_export_typesupport_targets-extras.cmake
[41.816s] -- Installing: /home/rock6/ros2_lab4/src/install/action_interface/share/action_interface/cmake/rosidl_cmake_export_typesupport_libraries-extras.cmake
[41.817s] -- Installing: /home/rock6/ros2_lab4/src/install/action_interface/share/action_interface/cmake/action_interfaceConfig.cmake
[41.817s] -- Installing: /home/rock6/ros2_lab4/src/install/action_interface/share/action_interface/cmake/action_interfaceConfig-version.cmake
[41.818s] -- Installing: /home/rock6/ros2_lab4/src/install/action_interface/share/action_interface/package.xml
[41.820s] Invoked command in '/home/rock6/ros2_lab4/src/build/action_interface' returned '0': CMAKE_PREFIX_PATH=${CMAKE_PREFIX_PATH}:/home/rock6/ros2_lab4/install/robot_control:/home/rock6/ros2_lab4/install/robot_camera:/home/rock6/ros2_lab4/install/navigation:/opt/ros/iron /usr/bin/cmake --install /home/rock6/ros2_lab4/src/build/action_interface
