/home/rock6/ros2_lab4/src/install/robot_control/lib/python3.10/site-packages/robot_control/simulator.py
/home/rock6/ros2_lab4/src/install/robot_control/lib/python3.10/site-packages/robot_control/robot_action_client.py
/home/rock6/ros2_lab4/src/install/robot_control/lib/python3.10/site-packages/robot_control/realer.py
/home/rock6/ros2_lab4/src/install/robot_control/lib/python3.10/site-packages/robot_control/robot_action_client_arm.py
/home/rock6/ros2_lab4/src/install/robot_control/lib/python3.10/site-packages/robot_control/robofile.py
/home/rock6/ros2_lab4/src/install/robot_control/lib/python3.10/site-packages/robot_control/robot_action_server.py
/home/rock6/ros2_lab4/src/install/robot_control/lib/python3.10/site-packages/robot_control/__init__.py
/home/rock6/ros2_lab4/src/install/robot_control/lib/python3.10/site-packages/robot_control/__pycache__/simulator.cpython-310.pyc
/home/rock6/ros2_lab4/src/install/robot_control/lib/python3.10/site-packages/robot_control/__pycache__/robot_action_client.cpython-310.pyc
/home/rock6/ros2_lab4/src/install/robot_control/lib/python3.10/site-packages/robot_control/__pycache__/realer.cpython-310.pyc
/home/rock6/ros2_lab4/src/install/robot_control/lib/python3.10/site-packages/robot_control/__pycache__/robot_action_client_arm.cpython-310.pyc
/home/rock6/ros2_lab4/src/install/robot_control/lib/python3.10/site-packages/robot_control/__pycache__/robofile.cpython-310.pyc
/home/rock6/ros2_lab4/src/install/robot_control/lib/python3.10/site-packages/robot_control/__pycache__/robot_action_server.cpython-310.pyc
/home/rock6/ros2_lab4/src/install/robot_control/lib/python3.10/site-packages/robot_control/__pycache__/__init__.cpython-310.pyc
/home/rock6/ros2_lab4/src/install/robot_control/share/ament_index/resource_index/packages/robot_control
/home/rock6/ros2_lab4/src/install/robot_control/share/robot_control/package.xml
/home/rock6/ros2_lab4/src/install/robot_control/share/robot_control/launch/sim_control_launch.py
/home/rock6/ros2_lab4/src/install/robot_control/share/robot_control/launch/action_server_launch.py
/home/rock6/ros2_lab4/src/install/robot_control/share/robot_control/urdf/su_robot.urdf.bak
/home/rock6/ros2_lab4/src/install/robot_control/share/robot_control/urdf/su_robot.urdf
/home/rock6/ros2_lab4/src/install/robot_control/share/robot_control/params/control_params.yaml
/home/rock6/ros2_lab4/src/install/robot_control/lib/python3.10/site-packages/robot_control-0.0.0-py3.10.egg-info/SOURCES.txt
/home/rock6/ros2_lab4/src/install/robot_control/lib/python3.10/site-packages/robot_control-0.0.0-py3.10.egg-info/requires.txt
/home/rock6/ros2_lab4/src/install/robot_control/lib/python3.10/site-packages/robot_control-0.0.0-py3.10.egg-info/entry_points.txt
/home/rock6/ros2_lab4/src/install/robot_control/lib/python3.10/site-packages/robot_control-0.0.0-py3.10.egg-info/dependency_links.txt
/home/rock6/ros2_lab4/src/install/robot_control/lib/python3.10/site-packages/robot_control-0.0.0-py3.10.egg-info/zip-safe
/home/rock6/ros2_lab4/src/install/robot_control/lib/python3.10/site-packages/robot_control-0.0.0-py3.10.egg-info/PKG-INFO
/home/rock6/ros2_lab4/src/install/robot_control/lib/python3.10/site-packages/robot_control-0.0.0-py3.10.egg-info/top_level.txt
/home/rock6/ros2_lab4/src/install/robot_control/lib/robot_control/robot_action_server
