running egg_info
creating ../build/robot_camera/robot_camera.egg-info
writing ../build/robot_camera/robot_camera.egg-info/PKG-INFO
writing dependency_links to ../build/robot_camera/robot_camera.egg-info/dependency_links.txt
writing entry points to ../build/robot_camera/robot_camera.egg-info/entry_points.txt
writing requirements to ../build/robot_camera/robot_camera.egg-info/requires.txt
writing top-level names to ../build/robot_camera/robot_camera.egg-info/top_level.txt
writing manifest file '../build/robot_camera/robot_camera.egg-info/SOURCES.txt'
reading manifest file '../build/robot_camera/robot_camera.egg-info/SOURCES.txt'
adding license file 'LICENSE'
writing manifest file '../build/robot_camera/robot_camera.egg-info/SOURCES.txt'
running build
running build_py
creating /home/rock6/ros2_lab4/src/build/robot_camera/build
creating /home/rock6/ros2_lab4/src/build/robot_camera/build/lib
creating /home/rock6/ros2_lab4/src/build/robot_camera/build/lib/robot_camera
copying robot_camera/find_tag_action_server.py -> /home/rock6/ros2_lab4/src/build/robot_camera/build/lib/robot_camera
copying robot_camera/pose_lookup_transform.py -> /home/rock6/ros2_lab4/src/build/robot_camera/build/lib/robot_camera
copying robot_camera/static_tag_broadcaster.py -> /home/rock6/ros2_lab4/src/build/robot_camera/build/lib/robot_camera
copying robot_camera/__init__.py -> /home/rock6/ros2_lab4/src/build/robot_camera/build/lib/robot_camera
running install
running install_lib
creating /home/rock6/ros2_lab4/src/install/robot_camera/lib/python3.10/site-packages/robot_camera
copying /home/rock6/ros2_lab4/src/build/robot_camera/build/lib/robot_camera/find_tag_action_server.py -> /home/rock6/ros2_lab4/src/install/robot_camera/lib/python3.10/site-packages/robot_camera
copying /home/rock6/ros2_lab4/src/build/robot_camera/build/lib/robot_camera/pose_lookup_transform.py -> /home/rock6/ros2_lab4/src/install/robot_camera/lib/python3.10/site-packages/robot_camera
copying /home/rock6/ros2_lab4/src/build/robot_camera/build/lib/robot_camera/static_tag_broadcaster.py -> /home/rock6/ros2_lab4/src/install/robot_camera/lib/python3.10/site-packages/robot_camera
copying /home/rock6/ros2_lab4/src/build/robot_camera/build/lib/robot_camera/__init__.py -> /home/rock6/ros2_lab4/src/install/robot_camera/lib/python3.10/site-packages/robot_camera
byte-compiling /home/rock6/ros2_lab4/src/install/robot_camera/lib/python3.10/site-packages/robot_camera/find_tag_action_server.py to find_tag_action_server.cpython-310.pyc
byte-compiling /home/rock6/ros2_lab4/src/install/robot_camera/lib/python3.10/site-packages/robot_camera/pose_lookup_transform.py to pose_lookup_transform.cpython-310.pyc
byte-compiling /home/rock6/ros2_lab4/src/install/robot_camera/lib/python3.10/site-packages/robot_camera/static_tag_broadcaster.py to static_tag_broadcaster.cpython-310.pyc
byte-compiling /home/rock6/ros2_lab4/src/install/robot_camera/lib/python3.10/site-packages/robot_camera/__init__.py to __init__.cpython-310.pyc
running install_data
creating /home/rock6/ros2_lab4/src/install/robot_camera/share/ament_index
creating /home/rock6/ros2_lab4/src/install/robot_camera/share/ament_index/resource_index
creating /home/rock6/ros2_lab4/src/install/robot_camera/share/ament_index/resource_index/packages
copying resource/robot_camera -> /home/rock6/ros2_lab4/src/install/robot_camera/share/ament_index/resource_index/packages
copying package.xml -> /home/rock6/ros2_lab4/src/install/robot_camera/share/robot_camera
creating /home/rock6/ros2_lab4/src/install/robot_camera/share/robot_camera/launch
copying launch/cam_all_launch.py -> /home/rock6/ros2_lab4/src/install/robot_camera/share/robot_camera/launch
copying launch/image_proc_launch.py -> /home/rock6/ros2_lab4/src/install/robot_camera/share/robot_camera/launch
copying launch/april_tag_launch.py -> /home/rock6/ros2_lab4/src/install/robot_camera/share/robot_camera/launch
copying launch/usb_cam_launch.py -> /home/rock6/ros2_lab4/src/install/robot_camera/share/robot_camera/launch
creating /home/rock6/ros2_lab4/src/install/robot_camera/share/robot_camera/params
copying params/camera_info.yaml -> /home/rock6/ros2_lab4/src/install/robot_camera/share/robot_camera/params
copying params/camera_info.yaml.bak -> /home/rock6/ros2_lab4/src/install/robot_camera/share/robot_camera/params
copying params/params_1.yaml -> /home/rock6/ros2_lab4/src/install/robot_camera/share/robot_camera/params
copying params/apriltag_params.yaml -> /home/rock6/ros2_lab4/src/install/robot_camera/share/robot_camera/params
creating /home/rock6/ros2_lab4/src/install/robot_camera/share/robot_camera/action
running install_egg_info
Copying ../build/robot_camera/robot_camera.egg-info to /home/rock6/ros2_lab4/src/install/robot_camera/lib/python3.10/site-packages/robot_camera-0.0.0-py3.10.egg-info
running install_scripts
Installing find_tag_action_server script to /home/rock6/ros2_lab4/src/install/robot_camera/lib/robot_camera
Installing pose_lookup_transform script to /home/rock6/ros2_lab4/src/install/robot_camera/lib/robot_camera
Installing static_tag_broadcaster script to /home/rock6/ros2_lab4/src/install/robot_camera/lib/robot_camera
writing list of installed files to '/home/rock6/ros2_lab4/src/build/robot_camera/install.log'
