[7.865s] Invoking command in '/home/rock6/ros2_lab4/src/robot_camera': PYTHONPATH=/home/rock6/ros2_lab4/src/build/robot_camera/prefix_override:/usr/lib/python3/dist-packages/colcon_core/task/python/colcon_distutils_commands:/home/rock6/ros2_lab4/src/install/robot_camera/lib/python3.10/site-packages:${PYTHONPATH} /usr/bin/python3 -W ignore:setup.py install is deprecated -W ignore:easy_install command is deprecated setup.py egg_info --egg-base ../build/robot_camera build --build-base /home/rock6/ros2_lab4/src/build/robot_camera/build install --record /home/rock6/ros2_lab4/src/build/robot_camera/install.log --single-version-externally-managed install_data
[9.706s] running egg_info
[9.711s] creating ../build/robot_camera/robot_camera.egg-info
[9.714s] writing ../build/robot_camera/robot_camera.egg-info/PKG-INFO
[9.717s] writing dependency_links to ../build/robot_camera/robot_camera.egg-info/dependency_links.txt
[9.721s] writing entry points to ../build/robot_camera/robot_camera.egg-info/entry_points.txt
[9.723s] writing requirements to ../build/robot_camera/robot_camera.egg-info/requires.txt
[9.725s] writing top-level names to ../build/robot_camera/robot_camera.egg-info/top_level.txt
[9.728s] writing manifest file '../build/robot_camera/robot_camera.egg-info/SOURCES.txt'
[9.753s] reading manifest file '../build/robot_camera/robot_camera.egg-info/SOURCES.txt'
[9.756s] adding license file 'LICENSE'
[9.764s] writing manifest file '../build/robot_camera/robot_camera.egg-info/SOURCES.txt'
[9.776s] running build
[9.782s] running build_py
[9.791s] creating /home/rock6/ros2_lab4/src/build/robot_camera/build
[9.792s] creating /home/rock6/ros2_lab4/src/build/robot_camera/build/lib
[9.802s] creating /home/rock6/ros2_lab4/src/build/robot_camera/build/lib/robot_camera
[9.804s] copying robot_camera/find_tag_action_server.py -> /home/rock6/ros2_lab4/src/build/robot_camera/build/lib/robot_camera
[9.812s] copying robot_camera/pose_lookup_transform.py -> /home/rock6/ros2_lab4/src/build/robot_camera/build/lib/robot_camera
[9.813s] copying robot_camera/static_tag_broadcaster.py -> /home/rock6/ros2_lab4/src/build/robot_camera/build/lib/robot_camera
[9.818s] copying robot_camera/__init__.py -> /home/rock6/ros2_lab4/src/build/robot_camera/build/lib/robot_camera
[9.833s] running install
[9.836s] running install_lib
[9.837s] creating /home/rock6/ros2_lab4/src/install/robot_camera/lib/python3.10/site-packages/robot_camera
[9.838s] copying /home/rock6/ros2_lab4/src/build/robot_camera/build/lib/robot_camera/find_tag_action_server.py -> /home/rock6/ros2_lab4/src/install/robot_camera/lib/python3.10/site-packages/robot_camera
[9.844s] copying /home/rock6/ros2_lab4/src/build/robot_camera/build/lib/robot_camera/pose_lookup_transform.py -> /home/rock6/ros2_lab4/src/install/robot_camera/lib/python3.10/site-packages/robot_camera
[9.846s] copying /home/rock6/ros2_lab4/src/build/robot_camera/build/lib/robot_camera/static_tag_broadcaster.py -> /home/rock6/ros2_lab4/src/install/robot_camera/lib/python3.10/site-packages/robot_camera
[9.857s] copying /home/rock6/ros2_lab4/src/build/robot_camera/build/lib/robot_camera/__init__.py -> /home/rock6/ros2_lab4/src/install/robot_camera/lib/python3.10/site-packages/robot_camera
[9.859s] byte-compiling /home/rock6/ros2_lab4/src/install/robot_camera/lib/python3.10/site-packages/robot_camera/find_tag_action_server.py to find_tag_action_server.cpython-310.pyc
[9.864s] byte-compiling /home/rock6/ros2_lab4/src/install/robot_camera/lib/python3.10/site-packages/robot_camera/pose_lookup_transform.py to pose_lookup_transform.cpython-310.pyc
[9.865s] byte-compiling /home/rock6/ros2_lab4/src/install/robot_camera/lib/python3.10/site-packages/robot_camera/static_tag_broadcaster.py to static_tag_broadcaster.cpython-310.pyc
[9.874s] byte-compiling /home/rock6/ros2_lab4/src/install/robot_camera/lib/python3.10/site-packages/robot_camera/__init__.py to __init__.cpython-310.pyc
[9.875s] running install_data
[9.876s] creating /home/rock6/ros2_lab4/src/install/robot_camera/share/ament_index
[9.878s] creating /home/rock6/ros2_lab4/src/install/robot_camera/share/ament_index/resource_index
[9.879s] creating /home/rock6/ros2_lab4/src/install/robot_camera/share/ament_index/resource_index/packages
[9.880s] copying resource/robot_camera -> /home/rock6/ros2_lab4/src/install/robot_camera/share/ament_index/resource_index/packages
[9.880s] copying package.xml -> /home/rock6/ros2_lab4/src/install/robot_camera/share/robot_camera
[9.881s] creating /home/rock6/ros2_lab4/src/install/robot_camera/share/robot_camera/launch
[9.882s] copying launch/cam_all_launch.py -> /home/rock6/ros2_lab4/src/install/robot_camera/share/robot_camera/launch
[9.882s] copying launch/image_proc_launch.py -> /home/rock6/ros2_lab4/src/install/robot_camera/share/robot_camera/launch
[9.883s] copying launch/april_tag_launch.py -> /home/rock6/ros2_lab4/src/install/robot_camera/share/robot_camera/launch
[9.883s] copying launch/usb_cam_launch.py -> /home/rock6/ros2_lab4/src/install/robot_camera/share/robot_camera/launch
[9.884s] creating /home/rock6/ros2_lab4/src/install/robot_camera/share/robot_camera/params
[9.885s] copying params/camera_info.yaml -> /home/rock6/ros2_lab4/src/install/robot_camera/share/robot_camera/params
[9.895s] copying params/camera_info.yaml.bak -> /home/rock6/ros2_lab4/src/install/robot_camera/share/robot_camera/params
[9.896s] copying params/params_1.yaml -> /home/rock6/ros2_lab4/src/install/robot_camera/share/robot_camera/params
[9.898s] copying params/apriltag_params.yaml -> /home/rock6/ros2_lab4/src/install/robot_camera/share/robot_camera/params
[9.899s] creating /home/rock6/ros2_lab4/src/install/robot_camera/share/robot_camera/action
[9.901s] running install_egg_info
[9.903s] Copying ../build/robot_camera/robot_camera.egg-info to /home/rock6/ros2_lab4/src/install/robot_camera/lib/python3.10/site-packages/robot_camera-0.0.0-py3.10.egg-info
[9.904s] running install_scripts
[10.047s] Installing find_tag_action_server script to /home/rock6/ros2_lab4/src/install/robot_camera/lib/robot_camera
[10.049s] Installing pose_lookup_transform script to /home/rock6/ros2_lab4/src/install/robot_camera/lib/robot_camera
[10.049s] Installing static_tag_broadcaster script to /home/rock6/ros2_lab4/src/install/robot_camera/lib/robot_camera
[10.051s] writing list of installed files to '/home/rock6/ros2_lab4/src/build/robot_camera/install.log'
[10.195s] Invoked command in '/home/rock6/ros2_lab4/src/robot_camera' returned '0': PYTHONPATH=/home/rock6/ros2_lab4/src/build/robot_camera/prefix_override:/usr/lib/python3/dist-packages/colcon_core/task/python/colcon_distutils_commands:/home/rock6/ros2_lab4/src/install/robot_camera/lib/python3.10/site-packages:${PYTHONPATH} /usr/bin/python3 -W ignore:setup.py install is deprecated -W ignore:easy_install command is deprecated setup.py egg_info --egg-base ../build/robot_camera build --build-base /home/rock6/ros2_lab4/src/build/robot_camera/build install --record /home/rock6/ros2_lab4/src/build/robot_camera/install.log --single-version-externally-managed install_data
