running egg_info
creating ../build/navigation/navigation.egg-info
writing ../build/navigation/navigation.egg-info/PKG-INFO
writing dependency_links to ../build/navigation/navigation.egg-info/dependency_links.txt
writing entry points to ../build/navigation/navigation.egg-info/entry_points.txt
writing requirements to ../build/navigation/navigation.egg-info/requires.txt
writing top-level names to ../build/navigation/navigation.egg-info/top_level.txt
writing manifest file '../build/navigation/navigation.egg-info/SOURCES.txt'
reading manifest file '../build/navigation/navigation.egg-info/SOURCES.txt'
adding license file 'LICENSE'
writing manifest file '../build/navigation/navigation.egg-info/SOURCES.txt'
running build
running build_py
creating /home/rock6/ros2_lab4/src/build/navigation/build
creating /home/rock6/ros2_lab4/src/build/navigation/build/lib
creating /home/rock6/ros2_lab4/src/build/navigation/build/lib/navigation
copying navigation/__init__.py -> /home/rock6/ros2_lab4/src/build/navigation/build/lib/navigation
running install
running install_lib
creating /home/rock6/ros2_lab4/src/install/navigation/lib/python3.10/site-packages/navigation
copying /home/rock6/ros2_lab4/src/build/navigation/build/lib/navigation/__init__.py -> /home/rock6/ros2_lab4/src/install/navigation/lib/python3.10/site-packages/navigation
byte-compiling /home/rock6/ros2_lab4/src/install/navigation/lib/python3.10/site-packages/navigation/__init__.py to __init__.cpython-310.pyc
running install_data
creating /home/rock6/ros2_lab4/src/install/navigation/share/ament_index
creating /home/rock6/ros2_lab4/src/install/navigation/share/ament_index/resource_index
creating /home/rock6/ros2_lab4/src/install/navigation/share/ament_index/resource_index/packages
copying resource/navigation -> /home/rock6/ros2_lab4/src/install/navigation/share/ament_index/resource_index/packages
copying package.xml -> /home/rock6/ros2_lab4/src/install/navigation/share/navigation
creating /home/rock6/ros2_lab4/src/install/navigation/share/navigation/launch
copying launch/navigation_launch.py -> /home/rock6/ros2_lab4/src/install/navigation/share/navigation/launch
copying launch/nav_all_launch.py -> /home/rock6/ros2_lab4/src/install/navigation/share/navigation/launch
copying launch/localization_launch.py -> /home/rock6/ros2_lab4/src/install/navigation/share/navigation/launch
creating /home/rock6/ros2_lab4/src/install/navigation/share/navigation/map
copying map/map_config.yaml -> /home/rock6/ros2_lab4/src/install/navigation/share/navigation/map
copying map/cse400_map.png.bak -> /home/rock6/ros2_lab4/src/install/navigation/share/navigation/map
copying map/cse400_map.png -> /home/rock6/ros2_lab4/src/install/navigation/share/navigation/map
creating /home/rock6/ros2_lab4/src/install/navigation/share/navigation/params
copying params/ekf_params.yaml.bak -> /home/rock6/ros2_lab4/src/install/navigation/share/navigation/params
copying params/ekf_params.yaml -> /home/rock6/ros2_lab4/src/install/navigation/share/navigation/params
copying params/nav2_params.yaml -> /home/rock6/ros2_lab4/src/install/navigation/share/navigation/params
running install_egg_info
Copying ../build/navigation/navigation.egg-info to /home/rock6/ros2_lab4/src/install/navigation/lib/python3.10/site-packages/navigation-0.0.0-py3.10.egg-info
running install_scripts
writing list of installed files to '/home/rock6/ros2_lab4/src/build/navigation/install.log'
