[7.654s] Invoking command in '/home/rock6/ros2_lab4/src/navigation': PYTHONPATH=/home/rock6/ros2_lab4/src/build/navigation/prefix_override:/usr/lib/python3/dist-packages/colcon_core/task/python/colcon_distutils_commands:/home/rock6/ros2_lab4/src/install/navigation/lib/python3.10/site-packages:${PYTHONPATH} /usr/bin/python3 -W ignore:setup.py install is deprecated -W ignore:easy_install command is deprecated setup.py egg_info --egg-base ../build/navigation build --build-base /home/rock6/ros2_lab4/src/build/navigation/build install --record /home/rock6/ros2_lab4/src/build/navigation/install.log --single-version-externally-managed install_data
[9.768s] running egg_info
[9.771s] creating ../build/navigation/navigation.egg-info
[9.772s] writing ../build/navigation/navigation.egg-info/PKG-INFO
[9.774s] writing dependency_links to ../build/navigation/navigation.egg-info/dependency_links.txt
[9.775s] writing entry points to ../build/navigation/navigation.egg-info/entry_points.txt
[9.777s] writing requirements to ../build/navigation/navigation.egg-info/requires.txt
[9.778s] writing top-level names to ../build/navigation/navigation.egg-info/top_level.txt
[9.778s] writing manifest file '../build/navigation/navigation.egg-info/SOURCES.txt'
[9.789s] reading manifest file '../build/navigation/navigation.egg-info/SOURCES.txt'
[9.790s] adding license file 'LICENSE'
[9.798s] writing manifest file '../build/navigation/navigation.egg-info/SOURCES.txt'
[9.799s] running build
[9.800s] running build_py
[9.801s] creating /home/rock6/ros2_lab4/src/build/navigation/build
[9.802s] creating /home/rock6/ros2_lab4/src/build/navigation/build/lib
[9.803s] creating /home/rock6/ros2_lab4/src/build/navigation/build/lib/navigation
[9.804s] copying navigation/__init__.py -> /home/rock6/ros2_lab4/src/build/navigation/build/lib/navigation
[9.805s] running install
[9.806s] running install_lib
[9.809s] creating /home/rock6/ros2_lab4/src/install/navigation/lib/python3.10/site-packages/navigation
[9.810s] copying /home/rock6/ros2_lab4/src/build/navigation/build/lib/navigation/__init__.py -> /home/rock6/ros2_lab4/src/install/navigation/lib/python3.10/site-packages/navigation
[9.817s] byte-compiling /home/rock6/ros2_lab4/src/install/navigation/lib/python3.10/site-packages/navigation/__init__.py to __init__.cpython-310.pyc
[9.821s] running install_data
[9.825s] creating /home/rock6/ros2_lab4/src/install/navigation/share/ament_index
[9.825s] creating /home/rock6/ros2_lab4/src/install/navigation/share/ament_index/resource_index
[9.826s] creating /home/rock6/ros2_lab4/src/install/navigation/share/ament_index/resource_index/packages
[9.831s] copying resource/navigation -> /home/rock6/ros2_lab4/src/install/navigation/share/ament_index/resource_index/packages
[9.836s] copying package.xml -> /home/rock6/ros2_lab4/src/install/navigation/share/navigation
[9.837s] creating /home/rock6/ros2_lab4/src/install/navigation/share/navigation/launch
[9.838s] copying launch/navigation_launch.py -> /home/rock6/ros2_lab4/src/install/navigation/share/navigation/launch
[9.843s] copying launch/nav_all_launch.py -> /home/rock6/ros2_lab4/src/install/navigation/share/navigation/launch
[9.849s] copying launch/localization_launch.py -> /home/rock6/ros2_lab4/src/install/navigation/share/navigation/launch
[9.854s] creating /home/rock6/ros2_lab4/src/install/navigation/share/navigation/map
[9.855s] copying map/map_config.yaml -> /home/rock6/ros2_lab4/src/install/navigation/share/navigation/map
[9.856s] copying map/cse400_map.png.bak -> /home/rock6/ros2_lab4/src/install/navigation/share/navigation/map
[9.857s] copying map/cse400_map.png -> /home/rock6/ros2_lab4/src/install/navigation/share/navigation/map
[9.857s] creating /home/rock6/ros2_lab4/src/install/navigation/share/navigation/params
[9.858s] copying params/ekf_params.yaml.bak -> /home/rock6/ros2_lab4/src/install/navigation/share/navigation/params
[9.865s] copying params/ekf_params.yaml -> /home/rock6/ros2_lab4/src/install/navigation/share/navigation/params
[9.866s] copying params/nav2_params.yaml -> /home/rock6/ros2_lab4/src/install/navigation/share/navigation/params
[9.867s] running install_egg_info
[9.869s] Copying ../build/navigation/navigation.egg-info to /home/rock6/ros2_lab4/src/install/navigation/lib/python3.10/site-packages/navigation-0.0.0-py3.10.egg-info
[9.877s] running install_scripts
[9.990s] writing list of installed files to '/home/rock6/ros2_lab4/src/build/navigation/install.log'
[10.137s] Invoked command in '/home/rock6/ros2_lab4/src/navigation' returned '0': PYTHONPATH=/home/rock6/ros2_lab4/src/build/navigation/prefix_override:/usr/lib/python3/dist-packages/colcon_core/task/python/colcon_distutils_commands:/home/rock6/ros2_lab4/src/install/navigation/lib/python3.10/site-packages:${PYTHONPATH} /usr/bin/python3 -W ignore:setup.py install is deprecated -W ignore:easy_install command is deprecated setup.py egg_info --egg-base ../build/navigation build --build-base /home/rock6/ros2_lab4/src/build/navigation/build install --record /home/rock6/ros2_lab4/src/build/navigation/install.log --single-version-externally-managed install_data
