/home/rock6/ros2_lab4/src/navigation/install/navigation/lib/python3.10/site-packages/navigation/__init__.py
/home/rock6/ros2_lab4/src/navigation/install/navigation/lib/python3.10/site-packages/navigation/__pycache__/__init__.cpython-310.pyc
/home/rock6/ros2_lab4/src/navigation/install/navigation/share/ament_index/resource_index/packages/navigation
/home/rock6/ros2_lab4/src/navigation/install/navigation/share/navigation/package.xml
/home/rock6/ros2_lab4/src/navigation/install/navigation/share/navigation/launch/navigation_launch.py
/home/rock6/ros2_lab4/src/navigation/install/navigation/share/navigation/launch/nav_all_launch.py
/home/rock6/ros2_lab4/src/navigation/install/navigation/share/navigation/launch/localization_launch.py
/home/rock6/ros2_lab4/src/navigation/install/navigation/share/navigation/map/map_config.yaml
/home/rock6/ros2_lab4/src/navigation/install/navigation/share/navigation/map/cse400_map.png.bak
/home/rock6/ros2_lab4/src/navigation/install/navigation/share/navigation/map/cse400_map.png
/home/rock6/ros2_lab4/src/navigation/install/navigation/share/navigation/params/ekf_params.yaml.bak
/home/rock6/ros2_lab4/src/navigation/install/navigation/share/navigation/params/ekf_params.yaml
/home/rock6/ros2_lab4/src/navigation/install/navigation/share/navigation/params/nav2_params.yaml
/home/rock6/ros2_lab4/src/navigation/install/navigation/lib/python3.10/site-packages/navigation-0.0.0-py3.10.egg-info/SOURCES.txt
/home/rock6/ros2_lab4/src/navigation/install/navigation/lib/python3.10/site-packages/navigation-0.0.0-py3.10.egg-info/requires.txt
/home/rock6/ros2_lab4/src/navigation/install/navigation/lib/python3.10/site-packages/navigation-0.0.0-py3.10.egg-info/entry_points.txt
/home/rock6/ros2_lab4/src/navigation/install/navigation/lib/python3.10/site-packages/navigation-0.0.0-py3.10.egg-info/dependency_links.txt
/home/rock6/ros2_lab4/src/navigation/install/navigation/lib/python3.10/site-packages/navigation-0.0.0-py3.10.egg-info/zip-safe
/home/rock6/ros2_lab4/src/navigation/install/navigation/lib/python3.10/site-packages/navigation-0.0.0-py3.10.egg-info/PKG-INFO
/home/rock6/ros2_lab4/src/navigation/install/navigation/lib/python3.10/site-packages/navigation-0.0.0-py3.10.egg-info/top_level.txt
