[0.612s] DEBUG:colcon:Command line arguments: ['/usr/bin/colcon', 'build']
[0.613s] DEBUG:colcon:Parsed command line arguments: Namespace(log_base=None, log_level=None, verb_name='build', build_base='build', install_base='install', merge_install=False, symlink_install=False, test_result_base=None, continue_on_error=False, executor='parallel', parallel_workers=4, event_handlers=None, ignore_user_meta=False, metas=['./colcon.meta'], base_paths=['.'], packages_ignore=None, packages_ignore_regex=None, paths=None, packages_up_to=None, packages_up_to_regex=None, packages_above=None, packages_above_and_dependencies=None, packages_above_depth=None, packages_select_by_dep=None, packages_skip_by_dep=None, packages_skip_up_to=None, packages_select_build_failed=False, packages_skip_build_finished=False, packages_select_test_failures=False, packages_skip_test_passed=False, packages_select=None, packages_skip=None, packages_select_regex=None, packages_skip_regex=None, packages_start=None, packages_end=None, allow_overriding=[], cmake_args=None, cmake_target=None, cmake_target_skip_unavailable=False, cmake_clean_cache=False, cmake_clean_first=False, cmake_force_configure=False, ament_cmake_args=None, catkin_cmake_args=None, catkin_skip_building_tests=False, verb_parser=<colcon_defaults.argument_parser.defaults.DefaultArgumentsDecorator object at 0x7f695d228220>, verb_extension=<colcon_core.verb.build.BuildVerb object at 0x7f695d3216c0>, main=<bound method BuildVerb.main of <colcon_core.verb.build.BuildVerb object at 0x7f695d3216c0>>)
[2.013s] Level 1:colcon.colcon_core.package_discovery:discover_packages(colcon_meta) check parameters
[2.013s] Level 1:colcon.colcon_core.package_discovery:discover_packages(recursive) check parameters
[2.014s] Level 1:colcon.colcon_core.package_discovery:discover_packages(ignore) check parameters
[2.014s] Level 1:colcon.colcon_core.package_discovery:discover_packages(path) check parameters
[2.014s] Level 1:colcon.colcon_core.package_discovery:discover_packages(colcon_meta) discover
[2.014s] Level 1:colcon.colcon_core.package_discovery:discover_packages(recursive) discover
[2.015s] INFO:colcon.colcon_core.package_discovery:Crawling recursively for packages in '/home/rock6/ros2_lab4/src/robot_control/robot_control'
[2.015s] Level 1:colcon.colcon_core.package_identification:_identify(.) by extensions ['ignore', 'ignore_ament_install']
[2.016s] Level 1:colcon.colcon_core.package_identification:_identify(.) by extension 'ignore'
[2.017s] Level 1:colcon.colcon_core.package_identification:_identify(.) by extension 'ignore_ament_install'
[2.017s] Level 1:colcon.colcon_core.package_identification:_identify(.) by extensions ['colcon_pkg']
[2.017s] Level 1:colcon.colcon_core.package_identification:_identify(.) by extension 'colcon_pkg'
[2.018s] Level 1:colcon.colcon_core.package_identification:_identify(.) by extensions ['colcon_meta']
[2.018s] Level 1:colcon.colcon_core.package_identification:_identify(.) by extension 'colcon_meta'
[2.018s] Level 1:colcon.colcon_core.package_identification:_identify(.) by extensions ['ros']
[2.018s] Level 1:colcon.colcon_core.package_identification:_identify(.) by extension 'ros'
[2.097s] Level 1:colcon.colcon_core.package_identification:_identify(.) by extensions ['cmake', 'python']
[2.098s] Level 1:colcon.colcon_core.package_identification:_identify(.) by extension 'cmake'
[2.098s] Level 1:colcon.colcon_core.package_identification:_identify(.) by extension 'python'
[2.099s] Level 1:colcon.colcon_core.package_identification:_identify(.) by extensions ['python_setup_py']
[2.099s] Level 1:colcon.colcon_core.package_identification:_identify(.) by extension 'python_setup_py'
[2.100s] Level 1:colcon.colcon_core.package_identification:_identify(backups) by extensions ['ignore', 'ignore_ament_install']
[2.101s] Level 1:colcon.colcon_core.package_identification:_identify(backups) by extension 'ignore'
[2.101s] Level 1:colcon.colcon_core.package_identification:_identify(backups) by extension 'ignore_ament_install'
[2.102s] Level 1:colcon.colcon_core.package_identification:_identify(backups) by extensions ['colcon_pkg']
[2.102s] Level 1:colcon.colcon_core.package_identification:_identify(backups) by extension 'colcon_pkg'
[2.103s] Level 1:colcon.colcon_core.package_identification:_identify(backups) by extensions ['colcon_meta']
[2.103s] Level 1:colcon.colcon_core.package_identification:_identify(backups) by extension 'colcon_meta'
[2.103s] Level 1:colcon.colcon_core.package_identification:_identify(backups) by extensions ['ros']
[2.104s] Level 1:colcon.colcon_core.package_identification:_identify(backups) by extension 'ros'
[2.104s] Level 1:colcon.colcon_core.package_identification:_identify(backups) by extensions ['cmake', 'python']
[2.105s] Level 1:colcon.colcon_core.package_identification:_identify(backups) by extension 'cmake'
[2.105s] Level 1:colcon.colcon_core.package_identification:_identify(backups) by extension 'python'
[2.105s] Level 1:colcon.colcon_core.package_identification:_identify(backups) by extensions ['python_setup_py']
[2.106s] Level 1:colcon.colcon_core.package_identification:_identify(backups) by extension 'python_setup_py'
[2.107s] Level 1:colcon.colcon_core.package_identification:_identify(build) by extensions ['ignore', 'ignore_ament_install']
[2.107s] Level 1:colcon.colcon_core.package_identification:_identify(build) by extension 'ignore'
[2.108s] Level 1:colcon.colcon_core.package_identification:_identify(build) ignored
[2.109s] Level 1:colcon.colcon_core.package_identification:_identify(install) by extensions ['ignore', 'ignore_ament_install']
[2.109s] Level 1:colcon.colcon_core.package_identification:_identify(install) by extension 'ignore'
[2.110s] Level 1:colcon.colcon_core.package_identification:_identify(install) ignored
[2.110s] Level 1:colcon.colcon_core.package_identification:_identify(log) by extensions ['ignore', 'ignore_ament_install']
[2.111s] Level 1:colcon.colcon_core.package_identification:_identify(log) by extension 'ignore'
[2.112s] Level 1:colcon.colcon_core.package_identification:_identify(log) ignored
[2.112s] Level 1:colcon.colcon_core.package_discovery:discover_packages(recursive) using defaults
[2.112s] Level 1:colcon.colcon_core.package_discovery:discover_packages(ignore) discover
[2.113s] Level 1:colcon.colcon_core.package_discovery:discover_packages(ignore) using defaults
[2.113s] Level 1:colcon.colcon_core.package_discovery:discover_packages(path) discover
[2.113s] Level 1:colcon.colcon_core.package_discovery:discover_packages(path) using defaults
[2.241s] Level 1:colcon.colcon_core.package_discovery:discover_packages(prefix_path) check parameters
[2.242s] Level 1:colcon.colcon_core.package_discovery:discover_packages(prefix_path) discover
[2.256s] DEBUG:colcon.colcon_installed_package_information.package_discovery:Found 4 installed packages in /home/rock6/ros2_lab4/install
[2.269s] DEBUG:colcon.colcon_installed_package_information.package_discovery:Found 334 installed packages in /opt/ros/iron
[2.345s] Level 1:colcon.colcon_core.package_discovery:discover_packages(prefix_path) using defaults
[2.787s] INFO:colcon.colcon_core.executor:Executing jobs using 'parallel' executor
[2.793s] DEBUG:colcon.colcon_parallel_executor.executor.parallel:run_until_complete
[2.794s] DEBUG:colcon.colcon_parallel_executor.executor.parallel:closing loop
[2.795s] DEBUG:colcon.colcon_parallel_executor.executor.parallel:loop closed
[2.796s] DEBUG:colcon.colcon_parallel_executor.executor.parallel:run_until_complete finished with '0'
[2.796s] DEBUG:colcon.colcon_core.event_reactor:joining thread
[2.827s] INFO:colcon.colcon_core.plugin_system:Skipping extension 'colcon_notification.desktop_notification.notify_send': Could not find 'notify-send'
[2.828s] INFO:colcon.colcon_core.plugin_system:Skipping extension 'colcon_notification.desktop_notification.terminal_notifier': Not used on non-Darwin systems
[2.828s] INFO:colcon.colcon_core.plugin_system:Skipping extension 'colcon_notification.desktop_notification.win32': Not used on non-Windows systems
[2.829s] INFO:colcon.colcon_notification.desktop_notification:Sending desktop notification using 'notify2'
[2.834s] DEBUG:colcon.colcon_notification.desktop_notification.notify2:Failed to initialize notify2: org.freedesktop.DBus.Error.ServiceUnknown: The name org.freedesktop.Notifications was not provided by any .service files
[2.835s] DEBUG:colcon.colcon_core.event_reactor:joined thread
[2.852s] INFO:colcon.colcon_core.plugin_system:Skipping extension 'colcon_core.shell.bat': Not used on non-Windows systems
[2.854s] INFO:colcon.colcon_core.shell:Creating prefix script '/home/rock6/ros2_lab4/src/robot_control/robot_control/install/local_setup.ps1'
[2.862s] INFO:colcon.colcon_core.shell:Creating prefix util module '/home/rock6/ros2_lab4/src/robot_control/robot_control/install/_local_setup_util_ps1.py'
[2.874s] INFO:colcon.colcon_core.shell:Creating prefix chain script '/home/rock6/ros2_lab4/src/robot_control/robot_control/install/setup.ps1'
[2.882s] INFO:colcon.colcon_core.shell:Creating prefix script '/home/rock6/ros2_lab4/src/robot_control/robot_control/install/local_setup.sh'
[2.886s] INFO:colcon.colcon_core.shell:Creating prefix util module '/home/rock6/ros2_lab4/src/robot_control/robot_control/install/_local_setup_util_sh.py'
[2.890s] INFO:colcon.colcon_core.shell:Creating prefix chain script '/home/rock6/ros2_lab4/src/robot_control/robot_control/install/setup.sh'
[2.898s] INFO:colcon.colcon_core.shell:Creating prefix script '/home/rock6/ros2_lab4/src/robot_control/robot_control/install/local_setup.bash'
[2.901s] INFO:colcon.colcon_core.shell:Creating prefix chain script '/home/rock6/ros2_lab4/src/robot_control/robot_control/install/setup.bash'
[2.908s] INFO:colcon.colcon_core.shell:Creating prefix script '/home/rock6/ros2_lab4/src/robot_control/robot_control/install/local_setup.zsh'
[2.912s] INFO:colcon.colcon_core.shell:Creating prefix chain script '/home/rock6/ros2_lab4/src/robot_control/robot_control/install/setup.zsh'
