/home/rock6/ros2_lab4/src/install/robot_camera/lib/python3.10/site-packages/robot_camera/find_tag_action_server.py
/home/rock6/ros2_lab4/src/install/robot_camera/lib/python3.10/site-packages/robot_camera/pose_lookup_transform.py
/home/rock6/ros2_lab4/src/install/robot_camera/lib/python3.10/site-packages/robot_camera/static_tag_broadcaster.py
/home/rock6/ros2_lab4/src/install/robot_camera/lib/python3.10/site-packages/robot_camera/__init__.py
/home/rock6/ros2_lab4/src/install/robot_camera/lib/python3.10/site-packages/robot_camera/__pycache__/find_tag_action_server.cpython-310.pyc
/home/rock6/ros2_lab4/src/install/robot_camera/lib/python3.10/site-packages/robot_camera/__pycache__/pose_lookup_transform.cpython-310.pyc
/home/rock6/ros2_lab4/src/install/robot_camera/lib/python3.10/site-packages/robot_camera/__pycache__/static_tag_broadcaster.cpython-310.pyc
/home/rock6/ros2_lab4/src/install/robot_camera/lib/python3.10/site-packages/robot_camera/__pycache__/__init__.cpython-310.pyc
/home/rock6/ros2_lab4/src/install/robot_camera/share/ament_index/resource_index/packages/robot_camera
/home/rock6/ros2_lab4/src/install/robot_camera/share/robot_camera/package.xml
/home/rock6/ros2_lab4/src/install/robot_camera/share/robot_camera/launch/cam_all_launch.py
/home/rock6/ros2_lab4/src/install/robot_camera/share/robot_camera/launch/image_proc_launch.py
/home/rock6/ros2_lab4/src/install/robot_camera/share/robot_camera/launch/april_tag_launch.py
/home/rock6/ros2_lab4/src/install/robot_camera/share/robot_camera/launch/usb_cam_launch.py
/home/rock6/ros2_lab4/src/install/robot_camera/share/robot_camera/params/camera_info.yaml
/home/rock6/ros2_lab4/src/install/robot_camera/share/robot_camera/params/camera_info.yaml.bak
/home/rock6/ros2_lab4/src/install/robot_camera/share/robot_camera/params/params_1.yaml
/home/rock6/ros2_lab4/src/install/robot_camera/share/robot_camera/params/apriltag_params.yaml
/home/rock6/ros2_lab4/src/install/robot_camera/share/robot_camera/action
/home/rock6/ros2_lab4/src/install/robot_camera/lib/python3.10/site-packages/robot_camera-0.0.0-py3.10.egg-info/SOURCES.txt
/home/rock6/ros2_lab4/src/install/robot_camera/lib/python3.10/site-packages/robot_camera-0.0.0-py3.10.egg-info/requires.txt
/home/rock6/ros2_lab4/src/install/robot_camera/lib/python3.10/site-packages/robot_camera-0.0.0-py3.10.egg-info/entry_points.txt
/home/rock6/ros2_lab4/src/install/robot_camera/lib/python3.10/site-packages/robot_camera-0.0.0-py3.10.egg-info/dependency_links.txt
/home/rock6/ros2_lab4/src/install/robot_camera/lib/python3.10/site-packages/robot_camera-0.0.0-py3.10.egg-info/zip-safe
/home/rock6/ros2_lab4/src/install/robot_camera/lib/python3.10/site-packages/robot_camera-0.0.0-py3.10.egg-info/PKG-INFO
/home/rock6/ros2_lab4/src/install/robot_camera/lib/python3.10/site-packages/robot_camera-0.0.0-py3.10.egg-info/top_level.txt
/home/rock6/ros2_lab4/src/install/robot_camera/lib/robot_camera/find_tag_action_server
/home/rock6/ros2_lab4/src/install/robot_camera/lib/robot_camera/pose_lookup_transform
/home/rock6/ros2_lab4/src/install/robot_camera/lib/robot_camera/static_tag_broadcaster
